<?xml version="1.0" encoding="UTF-8"?>
<coverage generated="1765715536948" clover="3.2.0">
  <project timestamp="1765715536948" name="All files">
    <metrics statements="253" coveredstatements="203" conditionals="192" coveredconditionals="146" methods="112" coveredmethods="91" elements="557" coveredelements="440" complexity="0" loc="253" ncloc="253" packages="1" files="1" classes="1"/>
    <file name="UserSegmentView.tsx" path="/Users/h_ishibashi/work/antigravity/swift-cluster/src/components/Board/Views/UserSegmentView.tsx">
      <metrics statements="253" coveredstatements="203" conditionals="192" coveredconditionals="146" methods="112" coveredmethods="91"/>
      <line num="28" count="3" type="stmt"/>
      <line num="43" count="3" type="stmt"/>
      <line num="139" count="3" type="stmt"/>
      <line num="140" count="28" type="stmt"/>
      <line num="141" count="28" type="cond" truecount="2" falsecount="0"/>
      <line num="143" count="28" type="stmt"/>
      <line num="144" count="28" type="cond" truecount="2" falsecount="0"/>
      <line num="145" count="28" type="cond" truecount="2" falsecount="0"/>
      <line num="146" count="28" type="cond" truecount="1" falsecount="1"/>
      <line num="148" count="28" type="stmt"/>
      <line num="149" count="28" type="stmt"/>
      <line num="152" count="3" type="stmt"/>
      <line num="153" count="35" type="cond" truecount="1" falsecount="1"/>
      <line num="155" count="35" type="cond" truecount="6" falsecount="2"/>
      <line num="158" count="20" type="stmt"/>
      <line num="159" count="17" type="cond" truecount="1" falsecount="1"/>
      <line num="162" count="2" type="stmt"/>
      <line num="163" count="2" type="cond" truecount="1" falsecount="1"/>
      <line num="164" count="2" type="cond" truecount="1" falsecount="1"/>
      <line num="165" count="2" type="cond" truecount="1" falsecount="1"/>
      <line num="166" count="2" type="stmt"/>
      <line num="169" count="3" type="stmt"/>
      <line num="170" count="3" type="cond" truecount="2" falsecount="0"/>
      <line num="171" count="1" type="stmt"/>
      <line num="174" count="0" type="cond" truecount="0" falsecount="2"/>
      <line num="176" count="2" type="cond" truecount="4" falsecount="0"/>
      <line num="178" count="11" type="stmt"/>
      <line num="179" count="11" type="cond" truecount="2" falsecount="0"/>
      <line num="180" count="2" type="cond" truecount="4" falsecount="0"/>
      <line num="182" count="9" type="cond" truecount="2" falsecount="0"/>
      <line num="184" count="4" type="cond" truecount="1" falsecount="1"/>
      <line num="186" count="7" type="stmt"/>
      <line num="187" count="7" type="stmt"/>
      <line num="188" count="7" type="stmt"/>
      <line num="192" count="0" type="stmt"/>
      <line num="199" count="3" type="stmt"/>
      <line num="207" count="14" type="cond" truecount="1" falsecount="1"/>
      <line num="209" count="14" type="stmt"/>
      <line num="212" count="14" type="stmt"/>
      <line num="213" count="1" type="stmt"/>
      <line num="220" count="14" type="stmt"/>
      <line num="221" count="1" type="stmt"/>
      <line num="227" count="14" type="stmt"/>
      <line num="228" count="0" type="stmt"/>
      <line num="234" count="14" type="stmt"/>
      <line num="235" count="6" type="stmt"/>
      <line num="248" count="14" type="stmt"/>
      <line num="253" count="0" type="stmt"/>
      <line num="265" count="3" type="stmt"/>
      <line num="285" count="1" type="stmt"/>
      <line num="292" count="0" type="stmt"/>
      <line num="306" count="1" type="stmt"/>
      <line num="307" count="1" type="cond" truecount="1" falsecount="1"/>
      <line num="308" count="0" type="stmt"/>
      <line num="330" count="1" type="stmt"/>
      <line num="335" count="1" type="stmt"/>
      <line num="347" count="1" type="stmt"/>
      <line num="361" count="1" type="stmt"/>
      <line num="366" count="1" type="stmt"/>
      <line num="378" count="1" type="stmt"/>
      <line num="411" count="3" type="stmt"/>
      <line num="412" count="404" type="stmt"/>
      <line num="414" count="404" type="stmt"/>
      <line num="422" count="0" type="stmt"/>
      <line num="425" count="0" type="stmt"/>
      <line num="426" count="0" type="stmt"/>
      <line num="427" count="0" type="cond" truecount="0" falsecount="2"/>
      <line num="428" count="0" type="stmt"/>
      <line num="429" count="0" type="cond" truecount="0" falsecount="2"/>
      <line num="430" count="0" type="stmt"/>
      <line num="431" count="0" type="stmt"/>
      <line num="433" count="0" type="stmt"/>
      <line num="438" count="0" type="stmt"/>
      <line num="439" count="0" type="stmt"/>
      <line num="441" count="0" type="stmt"/>
      <line num="442" count="0" type="stmt"/>
      <line num="444" count="0" type="stmt"/>
      <line num="445" count="0" type="cond" truecount="0" falsecount="2"/>
      <line num="446" count="0" type="stmt"/>
      <line num="447" count="0" type="cond" truecount="0" falsecount="2"/>
      <line num="448" count="0" type="stmt"/>
      <line num="449" count="0" type="stmt"/>
      <line num="453" count="0" type="stmt"/>
      <line num="454" count="0" type="cond" truecount="0" falsecount="2"/>
      <line num="455" count="0" type="stmt"/>
      <line num="459" count="11" type="stmt"/>
      <line num="474" count="2" type="stmt"/>
      <line num="475" count="2" type="stmt"/>
      <line num="477" count="0" type="stmt"/>
      <line num="492" count="3" type="stmt"/>
      <line num="505" count="35" type="stmt"/>
      <line num="506" count="112" type="stmt"/>
      <line num="507" count="35" type="cond" truecount="1" falsecount="1"/>
      <line num="509" count="35" type="stmt"/>
      <line num="510" count="35" type="stmt"/>
      <line num="511" count="35" type="stmt"/>
      <line num="513" count="35" type="stmt"/>
      <line num="537" count="0" type="stmt"/>
      <line num="547" count="3" type="stmt"/>
      <line num="574" count="1" type="stmt"/>
      <line num="587" count="1" type="stmt"/>
      <line num="590" count="56" type="stmt"/>
      <line num="597" count="4" type="stmt"/>
      <line num="608" count="0" type="stmt"/>
      <line num="625" count="8" type="stmt"/>
      <line num="626" count="8" type="stmt"/>
      <line num="638" count="0" type="stmt"/>
      <line num="639" count="0" type="cond" truecount="0" falsecount="2"/>
      <line num="640" count="0" type="stmt"/>
      <line num="642" count="0" type="stmt"/>
      <line num="662" count="1" type="stmt"/>
      <line num="665" count="0" type="stmt"/>
      <line num="666" count="0" type="stmt"/>
      <line num="677" count="1" type="stmt"/>
      <line num="678" count="1" type="stmt"/>
      <line num="690" count="0" type="stmt"/>
      <line num="704" count="1" type="stmt"/>
      <line num="712" count="0" type="stmt"/>
      <line num="720" count="9" type="stmt"/>
      <line num="731" count="3" type="stmt"/>
      <line num="733" count="58" type="cond" truecount="1" falsecount="0"/>
      <line num="734" count="60" type="stmt"/>
      <line num="735" count="420" type="stmt"/>
      <line num="736" count="60" type="stmt"/>
      <line num="745" count="58" type="stmt"/>
      <line num="746" count="58" type="stmt"/>
      <line num="747" count="58" type="stmt"/>
      <line num="748" count="58" type="stmt"/>
      <line num="749" count="58" type="stmt"/>
      <line num="752" count="58" type="stmt"/>
      <line num="753" count="58" type="stmt"/>
      <line num="754" count="58" type="stmt"/>
      <line num="755" count="58" type="stmt"/>
      <line num="759" count="58" type="stmt"/>
      <line num="760" count="2" type="stmt"/>
      <line num="761" count="2" type="stmt"/>
      <line num="762" count="2" type="cond" truecount="2" falsecount="0"/>
      <line num="766" count="58" type="stmt"/>
      <line num="767" count="2" type="stmt"/>
      <line num="768" count="2" type="cond" truecount="2" falsecount="0"/>
      <line num="773" count="58" type="stmt"/>
      <line num="774" count="1" type="stmt"/>
      <line num="775" count="1" type="stmt"/>
      <line num="776" count="1" type="stmt"/>
      <line num="778" count="1" type="stmt"/>
      <line num="786" count="1" type="stmt"/>
      <line num="787" count="5" type="stmt"/>
      <line num="788" count="5" type="stmt"/>
      <line num="789" count="5" type="cond" truecount="2" falsecount="0"/>
      <line num="791" count="1" type="stmt"/>
      <line num="792" count="1" type="stmt"/>
      <line num="798" count="58" type="stmt"/>
      <line num="799" count="0" type="cond" truecount="0" falsecount="2"/>
      <line num="800" count="0" type="stmt"/>
      <line num="802" count="0" type="stmt"/>
      <line num="803" count="0" type="stmt"/>
      <line num="804" count="0" type="stmt"/>
      <line num="807" count="58" type="stmt"/>
      <line num="808" count="11" type="stmt"/>
      <line num="809" count="11" type="stmt"/>
      <line num="810" count="11" type="stmt"/>
      <line num="811" count="11" type="cond" truecount="1" falsecount="1"/>
      <line num="812" count="0" type="stmt"/>
      <line num="813" count="0" type="cond" truecount="0" falsecount="2"/>
      <line num="816" count="11" type="stmt"/>
      <line num="818" count="11" type="cond" truecount="1" falsecount="1"/>
      <line num="819" count="11" type="stmt"/>
      <line num="824" count="11" type="stmt"/>
      <line num="828" count="58" type="stmt"/>
      <line num="829" count="1" type="stmt"/>
      <line num="830" count="1" type="stmt"/>
      <line num="831" count="1" type="stmt"/>
      <line num="832" count="1" type="stmt"/>
      <line num="834" count="1" type="stmt"/>
      <line num="835" count="0" type="stmt"/>
      <line num="837" count="1" type="stmt"/>
      <line num="842" count="58" type="stmt"/>
      <line num="843" count="2" type="stmt"/>
      <line num="844" count="2" type="stmt"/>
      <line num="845" count="2" type="stmt"/>
      <line num="846" count="2" type="stmt"/>
      <line num="848" count="2" type="stmt"/>
      <line num="851" count="1" type="stmt"/>
      <line num="854" count="2" type="stmt"/>
      <line num="859" count="58" type="stmt"/>
      <line num="860" count="2" type="stmt"/>
      <line num="861" count="2" type="stmt"/>
      <line num="862" count="2" type="stmt"/>
      <line num="863" count="2" type="stmt"/>
      <line num="867" count="2" type="stmt"/>
      <line num="872" count="58" type="stmt"/>
      <line num="873" count="1" type="stmt"/>
      <line num="874" count="1" type="stmt"/>
      <line num="875" count="1" type="stmt"/>
      <line num="879" count="1" type="stmt"/>
      <line num="883" count="58" type="stmt"/>
      <line num="884" count="11" type="stmt"/>
      <line num="885" count="11" type="stmt"/>
      <line num="886" count="11" type="stmt"/>
      <line num="893" count="11" type="stmt"/>
      <line num="897" count="58" type="stmt"/>
      <line num="898" count="1" type="stmt"/>
      <line num="899" count="1" type="stmt"/>
      <line num="900" count="1" type="stmt"/>
      <line num="901" count="1" type="stmt"/>
      <line num="905" count="58" type="stmt"/>
      <line num="906" count="1" type="cond" truecount="3" falsecount="1"/>
      <line num="907" count="1" type="stmt"/>
      <line num="908" count="1" type="stmt"/>
      <line num="909" count="1" type="stmt"/>
      <line num="910" count="1" type="stmt"/>
      <line num="914" count="58" type="stmt"/>
      <line num="915" count="1" type="stmt"/>
      <line num="916" count="1" type="cond" truecount="1" falsecount="1"/>
      <line num="917" count="1" type="stmt"/>
      <line num="918" count="1" type="stmt"/>
      <line num="919" count="1" type="stmt"/>
      <line num="926" count="1" type="stmt"/>
      <line num="930" count="58" type="stmt"/>
      <line num="931" count="58" type="stmt"/>
      <line num="933" count="58" type="stmt"/>
      <line num="934" count="1" type="stmt"/>
      <line num="935" count="1" type="stmt"/>
      <line num="936" count="1" type="stmt"/>
      <line num="937" count="0" type="stmt"/>
      <line num="939" count="1" type="stmt"/>
      <line num="941" count="1" type="stmt"/>
      <line num="942" count="1" type="stmt"/>
      <line num="945" count="58" type="stmt"/>
      <line num="953" count="58" type="stmt"/>
      <line num="962" count="58" type="stmt"/>
      <line num="963" count="58" type="stmt"/>
      <line num="1040" count="0" type="stmt"/>
      <line num="1052" count="58" type="stmt"/>
      <line num="1077" count="2" type="stmt"/>
      <line num="1078" count="1" type="cond" truecount="1" falsecount="1"/>
      <line num="1079" count="1" type="stmt"/>
      <line num="1084" count="0" type="stmt"/>
      <line num="1096" count="1218" type="stmt"/>
      <line num="1097" count="174" type="cond" truecount="1" falsecount="1"/>
      <line num="1098" count="174" type="stmt"/>
      <line num="1100" count="174" type="stmt"/>
      <line num="1104" count="2" type="stmt"/>
      <line num="1124" count="403" type="stmt"/>
      <line num="1128" count="11" type="stmt"/>
      <line num="1192" count="60" type="stmt"/>
      <line num="1194" count="60" type="stmt"/>
      <line num="1229" count="1" type="stmt"/>
      <line num="1239" count="1" type="stmt"/>
      <line num="1246" count="1" type="stmt"/>
      <line num="1258" count="1" type="stmt"/>
      <line num="1271" count="1" type="stmt"/>
      <line num="1276" count="31" type="stmt"/>
    </file>
  </project>
</coverage>
