{"/Users/h_ishibashi/work/antigravity/swift-cluster/src/components/Board/Views/UserSegmentView.tsx": {"path":"/Users/h_ishibashi/work/antigravity/swift-cluster/src/components/Board/Views/UserSegmentView.tsx","statementMap":{"0":{"start":{"line":28,"column":51},"end":{"line":39,"column":null}},"1":{"start":{"line":43,"column":22},"end":{"line":127,"column":null}},"2":{"start":{"line":139,"column":23},"end":{"line":150,"column":null}},"3":{"start":{"line":140,"column":17},"end":{"line":140,"column":null}},"4":{"start":{"line":141,"column":23},"end":{"line":141,"column":null}},"5":{"start":{"line":143,"column":20},"end":{"line":143,"column":null}},"6":{"start":{"line":144,"column":4},"end":{"line":144,"column":null}},"7":{"start":{"line":144,"column":25},"end":{"line":144,"column":null}},"8":{"start":{"line":145,"column":4},"end":{"line":145,"column":null}},"9":{"start":{"line":145,"column":26},"end":{"line":145,"column":null}},"10":{"start":{"line":146,"column":4},"end":{"line":146,"column":null}},"11":{"start":{"line":146,"column":27},"end":{"line":146,"column":null}},"12":{"start":{"line":148,"column":4},"end":{"line":148,"column":null}},"13":{"start":{"line":149,"column":4},"end":{"line":149,"column":null}},"14":{"start":{"line":152,"column":28},"end":{"line":194,"column":null}},"15":{"start":{"line":153,"column":4},"end":{"line":153,"column":null}},"16":{"start":{"line":153,"column":16},"end":{"line":153,"column":null}},"17":{"start":{"line":155,"column":4},"end":{"line":193,"column":null}},"18":{"start":{"line":158,"column":24},"end":{"line":158,"column":null}},"19":{"start":{"line":158,"column":55},"end":{"line":158,"column":72}},"20":{"start":{"line":159,"column":12},"end":{"line":159,"column":null}},"21":{"start":{"line":162,"column":25},"end":{"line":162,"column":null}},"22":{"start":{"line":163,"column":12},"end":{"line":163,"column":null}},"23":{"start":{"line":163,"column":35},"end":{"line":163,"column":null}},"24":{"start":{"line":164,"column":12},"end":{"line":164,"column":null}},"25":{"start":{"line":164,"column":33},"end":{"line":164,"column":null}},"26":{"start":{"line":165,"column":27},"end":{"line":165,"column":null}},"27":{"start":{"line":165,"column":41},"end":{"line":165,"column":98}},"28":{"start":{"line":165,"column":72},"end":{"line":165,"column":85}},"29":{"start":{"line":166,"column":12},"end":{"line":166,"column":null}},"30":{"start":{"line":169,"column":25},"end":{"line":169,"column":null}},"31":{"start":{"line":170,"column":12},"end":{"line":170,"column":null}},"32":{"start":{"line":170,"column":35},"end":{"line":170,"column":null}},"33":{"start":{"line":171,"column":12},"end":{"line":171,"column":null}},"34":{"start":{"line":174,"column":12},"end":{"line":174,"column":null}},"35":{"start":{"line":176,"column":12},"end":{"line":176,"column":null}},"36":{"start":{"line":178,"column":22},"end":{"line":178,"column":null}},"37":{"start":{"line":179,"column":12},"end":{"line":189,"column":null}},"38":{"start":{"line":180,"column":16},"end":{"line":180,"column":null}},"39":{"start":{"line":182,"column":16},"end":{"line":185,"column":null}},"40":{"start":{"line":184,"column":20},"end":{"line":184,"column":null}},"41":{"start":{"line":184,"column":89},"end":{"line":184,"column":104}},"42":{"start":{"line":186,"column":29},"end":{"line":186,"column":null}},"43":{"start":{"line":187,"column":27},"end":{"line":187,"column":null}},"44":{"start":{"line":188,"column":16},"end":{"line":188,"column":null}},"45":{"start":{"line":192,"column":12},"end":{"line":192,"column":null}},"46":{"start":{"line":199,"column":36},"end":{"line":400,"column":null}},"47":{"start":{"line":207,"column":22},"end":{"line":207,"column":null}},"48":{"start":{"line":209,"column":23},"end":{"line":209,"column":null}},"49":{"start":{"line":209,"column":43},"end":{"line":209,"column":null}},"50":{"start":{"line":212,"column":27},"end":{"line":217,"column":null}},"51":{"start":{"line":213,"column":8},"end":{"line":216,"column":null}},"52":{"start":{"line":220,"column":31},"end":{"line":225,"column":null}},"53":{"start":{"line":221,"column":8},"end":{"line":224,"column":null}},"54":{"start":{"line":227,"column":25},"end":{"line":232,"column":null}},"55":{"start":{"line":228,"column":8},"end":{"line":231,"column":null}},"56":{"start":{"line":234,"column":25},"end":{"line":246,"column":null}},"57":{"start":{"line":235,"column":8},"end":{"line":245,"column":null}},"58":{"start":{"line":248,"column":4},"end":{"line":398,"column":null}},"59":{"start":{"line":253,"column":35},"end":{"line":253,"column":null}},"60":{"start":{"line":265,"column":35},"end":{"line":265,"column":null}},"61":{"start":{"line":285,"column":41},"end":{"line":285,"column":null}},"62":{"start":{"line":292,"column":41},"end":{"line":292,"column":null}},"63":{"start":{"line":306,"column":44},"end":{"line":306,"column":null}},"64":{"start":{"line":307,"column":32},"end":{"line":308,"column":null}},"65":{"start":{"line":307,"column":54},"end":{"line":307,"column":null}},"66":{"start":{"line":308,"column":37},"end":{"line":308,"column":null}},"67":{"start":{"line":330,"column":53},"end":{"line":330,"column":null}},"68":{"start":{"line":335,"column":53},"end":{"line":335,"column":null}},"69":{"start":{"line":347,"column":53},"end":{"line":347,"column":null}},"70":{"start":{"line":361,"column":53},"end":{"line":361,"column":null}},"71":{"start":{"line":366,"column":53},"end":{"line":366,"column":null}},"72":{"start":{"line":378,"column":53},"end":{"line":378,"column":null}},"73":{"start":{"line":411,"column":32},"end":{"line":489,"column":null}},"74":{"start":{"line":412,"column":10},"end":{"line":412,"column":null}},"75":{"start":{"line":414,"column":4},"end":{"line":487,"column":null}},"76":{"start":{"line":422,"column":16},"end":{"line":422,"column":null}},"77":{"start":{"line":425,"column":30},"end":{"line":425,"column":null}},"78":{"start":{"line":426,"column":32},"end":{"line":426,"column":null}},"79":{"start":{"line":427,"column":16},"end":{"line":435,"column":null}},"80":{"start":{"line":428,"column":37},"end":{"line":428,"column":null}},"81":{"start":{"line":429,"column":20},"end":{"line":434,"column":null}},"82":{"start":{"line":430,"column":36},"end":{"line":430,"column":null}},"83":{"start":{"line":431,"column":24},"end":{"line":431,"column":null}},"84":{"start":{"line":433,"column":24},"end":{"line":433,"column":null}},"85":{"start":{"line":438,"column":16},"end":{"line":438,"column":null}},"86":{"start":{"line":439,"column":16},"end":{"line":439,"column":null}},"87":{"start":{"line":441,"column":30},"end":{"line":441,"column":null}},"88":{"start":{"line":442,"column":32},"end":{"line":442,"column":null}},"89":{"start":{"line":444,"column":33},"end":{"line":444,"column":null}},"90":{"start":{"line":445,"column":16},"end":{"line":451,"column":null}},"91":{"start":{"line":446,"column":36},"end":{"line":446,"column":null}},"92":{"start":{"line":447,"column":20},"end":{"line":450,"column":null}},"93":{"start":{"line":448,"column":24},"end":{"line":448,"column":null}},"94":{"start":{"line":449,"column":24},"end":{"line":449,"column":null}},"95":{"start":{"line":453,"column":35},"end":{"line":453,"column":null}},"96":{"start":{"line":454,"column":16},"end":{"line":456,"column":null}},"97":{"start":{"line":455,"column":20},"end":{"line":455,"column":null}},"98":{"start":{"line":459,"column":27},"end":{"line":459,"column":null}},"99":{"start":{"line":474,"column":20},"end":{"line":474,"column":null}},"100":{"start":{"line":475,"column":20},"end":{"line":475,"column":null}},"101":{"start":{"line":477,"column":38},"end":{"line":477,"column":null}},"102":{"start":{"line":492,"column":38},"end":{"line":729,"column":null}},"103":{"start":{"line":505,"column":10},"end":{"line":505,"column":null}},"104":{"start":{"line":506,"column":17},"end":{"line":506,"column":null}},"105":{"start":{"line":506,"column":41},"end":{"line":506,"column":57}},"106":{"start":{"line":507,"column":4},"end":{"line":507,"column":null}},"107":{"start":{"line":507,"column":15},"end":{"line":507,"column":null}},"108":{"start":{"line":509,"column":24},"end":{"line":509,"column":null}},"109":{"start":{"line":510,"column":18},"end":{"line":510,"column":null}},"110":{"start":{"line":511,"column":24},"end":{"line":511,"column":null}},"111":{"start":{"line":513,"column":4},"end":{"line":727,"column":null}},"112":{"start":{"line":537,"column":42},"end":{"line":537,"column":null}},"113":{"start":{"line":547,"column":43},"end":{"line":547,"column":null}},"114":{"start":{"line":574,"column":43},"end":{"line":574,"column":null}},"115":{"start":{"line":587,"column":53},"end":{"line":587,"column":null}},"116":{"start":{"line":590,"column":69},"end":{"line":590,"column":131}},"117":{"start":{"line":597,"column":40},"end":{"line":617,"column":null}},"118":{"start":{"line":608,"column":64},"end":{"line":608,"column":null}},"119":{"start":{"line":625,"column":59},"end":{"line":625,"column":null}},"120":{"start":{"line":626,"column":40},"end":{"line":653,"column":null}},"121":{"start":{"line":638,"column":72},"end":{"line":638,"column":null}},"122":{"start":{"line":639,"column":71},"end":{"line":641,"column":null}},"123":{"start":{"line":640,"column":82},"end":{"line":640,"column":97}},"124":{"start":{"line":642,"column":56},"end":{"line":642,"column":null}},"125":{"start":{"line":662,"column":40},"end":{"line":670,"column":null}},"126":{"start":{"line":665,"column":64},"end":{"line":665,"column":null}},"127":{"start":{"line":666,"column":48},"end":{"line":666,"column":null}},"128":{"start":{"line":666,"column":106},"end":{"line":666,"column":115}},"129":{"start":{"line":677,"column":55},"end":{"line":677,"column":null}},"130":{"start":{"line":677,"column":84},"end":{"line":677,"column":138}},"131":{"start":{"line":678,"column":56},"end":{"line":678,"column":null}},"132":{"start":{"line":690,"column":57},"end":{"line":690,"column":null}},"133":{"start":{"line":704,"column":57},"end":{"line":704,"column":null}},"134":{"start":{"line":712,"column":57},"end":{"line":712,"column":null}},"135":{"start":{"line":720,"column":55},"end":{"line":720,"column":null}},"136":{"start":{"line":731,"column":41},"end":{"line":1336,"column":null}},"137":{"start":{"line":733,"column":31},"end":{"line":743,"column":null}},"138":{"start":{"line":734,"column":55},"end":{"line":734,"column":null}},"139":{"start":{"line":735,"column":8},"end":{"line":735,"column":null}},"140":{"start":{"line":735,"column":35},"end":{"line":735,"column":75}},"141":{"start":{"line":736,"column":8},"end":{"line":742,"column":null}},"142":{"start":{"line":745,"column":28},"end":{"line":745,"column":null}},"143":{"start":{"line":746,"column":34},"end":{"line":746,"column":null}},"144":{"start":{"line":747,"column":44},"end":{"line":747,"column":null}},"145":{"start":{"line":748,"column":44},"end":{"line":748,"column":null}},"146":{"start":{"line":749,"column":54},"end":{"line":749,"column":null}},"147":{"start":{"line":752,"column":42},"end":{"line":752,"column":null}},"148":{"start":{"line":753,"column":46},"end":{"line":753,"column":null}},"149":{"start":{"line":754,"column":50},"end":{"line":754,"column":null}},"150":{"start":{"line":755,"column":42},"end":{"line":755,"column":null}},"151":{"start":{"line":759,"column":27},"end":{"line":764,"column":null}},"152":{"start":{"line":760,"column":8},"end":{"line":760,"column":null}},"153":{"start":{"line":761,"column":8},"end":{"line":763,"column":null}},"154":{"start":{"line":762,"column":12},"end":{"line":762,"column":null}},"155":{"start":{"line":762,"column":55},"end":{"line":762,"column":69}},"156":{"start":{"line":766,"column":27},"end":{"line":770,"column":null}},"157":{"start":{"line":767,"column":8},"end":{"line":769,"column":null}},"158":{"start":{"line":768,"column":12},"end":{"line":768,"column":null}},"159":{"start":{"line":768,"column":53},"end":{"line":768,"column":65}},"160":{"start":{"line":773,"column":29},"end":{"line":796,"column":null}},"161":{"start":{"line":774,"column":8},"end":{"line":774,"column":null}},"162":{"start":{"line":775,"column":8},"end":{"line":775,"column":null}},"163":{"start":{"line":776,"column":8},"end":{"line":776,"column":null}},"164":{"start":{"line":778,"column":22},"end":{"line":784,"column":null}},"165":{"start":{"line":786,"column":8},"end":{"line":795,"column":null}},"166":{"start":{"line":787,"column":12},"end":{"line":794,"column":null}},"167":{"start":{"line":788,"column":16},"end":{"line":788,"column":null}},"168":{"start":{"line":789,"column":16},"end":{"line":793,"column":null}},"169":{"start":{"line":791,"column":32},"end":{"line":791,"column":null}},"170":{"start":{"line":792,"column":20},"end":{"line":792,"column":null}},"171":{"start":{"line":798,"column":29},"end":{"line":805,"column":null}},"172":{"start":{"line":799,"column":8},"end":{"line":801,"column":null}},"173":{"start":{"line":800,"column":12},"end":{"line":800,"column":null}},"174":{"start":{"line":802,"column":8},"end":{"line":802,"column":null}},"175":{"start":{"line":803,"column":8},"end":{"line":803,"column":null}},"176":{"start":{"line":804,"column":8},"end":{"line":804,"column":null}},"177":{"start":{"line":807,"column":28},"end":{"line":826,"column":null}},"178":{"start":{"line":808,"column":8},"end":{"line":825,"column":null}},"179":{"start":{"line":809,"column":30},"end":{"line":809,"column":null}},"180":{"start":{"line":810,"column":30},"end":{"line":810,"column":null}},"181":{"start":{"line":811,"column":12},"end":{"line":814,"column":null}},"182":{"start":{"line":812,"column":28},"end":{"line":812,"column":null}},"183":{"start":{"line":812,"column":53},"end":{"line":812,"column":75}},"184":{"start":{"line":813,"column":16},"end":{"line":813,"column":null}},"185":{"start":{"line":813,"column":32},"end":{"line":813,"column":null}},"186":{"start":{"line":816,"column":26},"end":{"line":816,"column":null}},"187":{"start":{"line":818,"column":12},"end":{"line":823,"column":null}},"188":{"start":{"line":819,"column":16},"end":{"line":822,"column":null}},"189":{"start":{"line":824,"column":12},"end":{"line":824,"column":null}},"190":{"start":{"line":828,"column":33},"end":{"line":839,"column":null}},"191":{"start":{"line":829,"column":8},"end":{"line":838,"column":null}},"192":{"start":{"line":830,"column":30},"end":{"line":830,"column":null}},"193":{"start":{"line":831,"column":26},"end":{"line":831,"column":null}},"194":{"start":{"line":832,"column":12},"end":{"line":836,"column":null}},"195":{"start":{"line":834,"column":62},"end":{"line":834,"column":76}},"196":{"start":{"line":835,"column":68},"end":{"line":835,"column":82}},"197":{"start":{"line":837,"column":12},"end":{"line":837,"column":null}},"198":{"start":{"line":842,"column":27},"end":{"line":856,"column":null}},"199":{"start":{"line":843,"column":8},"end":{"line":855,"column":null}},"200":{"start":{"line":844,"column":30},"end":{"line":844,"column":null}},"201":{"start":{"line":845,"column":26},"end":{"line":845,"column":null}},"202":{"start":{"line":846,"column":32},"end":{"line":846,"column":null}},"203":{"start":{"line":848,"column":12},"end":{"line":853,"column":null}},"204":{"start":{"line":851,"column":57},"end":{"line":851,"column":71}},"205":{"start":{"line":854,"column":12},"end":{"line":854,"column":null}},"206":{"start":{"line":859,"column":30},"end":{"line":869,"column":null}},"207":{"start":{"line":860,"column":8},"end":{"line":868,"column":null}},"208":{"start":{"line":861,"column":30},"end":{"line":861,"column":null}},"209":{"start":{"line":862,"column":26},"end":{"line":862,"column":null}},"210":{"start":{"line":863,"column":12},"end":{"line":866,"column":null}},"211":{"start":{"line":867,"column":12},"end":{"line":867,"column":null}},"212":{"start":{"line":872,"column":26},"end":{"line":881,"column":null}},"213":{"start":{"line":873,"column":8},"end":{"line":880,"column":null}},"214":{"start":{"line":874,"column":30},"end":{"line":874,"column":null}},"215":{"start":{"line":875,"column":12},"end":{"line":878,"column":null}},"216":{"start":{"line":879,"column":12},"end":{"line":879,"column":null}},"217":{"start":{"line":883,"column":33},"end":{"line":895,"column":null}},"218":{"start":{"line":884,"column":8},"end":{"line":894,"column":null}},"219":{"start":{"line":885,"column":30},"end":{"line":885,"column":null}},"220":{"start":{"line":886,"column":12},"end":{"line":892,"column":null}},"221":{"start":{"line":893,"column":12},"end":{"line":893,"column":null}},"222":{"start":{"line":897,"column":28},"end":{"line":903,"column":null}},"223":{"start":{"line":898,"column":8},"end":{"line":902,"column":null}},"224":{"start":{"line":899,"column":30},"end":{"line":899,"column":null}},"225":{"start":{"line":900,"column":12},"end":{"line":900,"column":null}},"226":{"start":{"line":901,"column":12},"end":{"line":901,"column":null}},"227":{"start":{"line":905,"column":29},"end":{"line":912,"column":null}},"228":{"start":{"line":906,"column":8},"end":{"line":911,"column":null}},"229":{"start":{"line":907,"column":12},"end":{"line":907,"column":null}},"230":{"start":{"line":908,"column":24},"end":{"line":908,"column":null}},"231":{"start":{"line":909,"column":12},"end":{"line":909,"column":null}},"232":{"start":{"line":910,"column":12},"end":{"line":910,"column":null}},"233":{"start":{"line":910,"column":34},"end":{"line":910,"column":80}},"234":{"start":{"line":914,"column":30},"end":{"line":928,"column":null}},"235":{"start":{"line":915,"column":8},"end":{"line":927,"column":null}},"236":{"start":{"line":916,"column":28},"end":{"line":916,"column":null}},"237":{"start":{"line":917,"column":27},"end":{"line":917,"column":null}},"238":{"start":{"line":918,"column":30},"end":{"line":918,"column":null}},"239":{"start":{"line":919,"column":12},"end":{"line":925,"column":null}},"240":{"start":{"line":926,"column":12},"end":{"line":926,"column":null}},"241":{"start":{"line":930,"column":21},"end":{"line":930,"column":null}},"242":{"start":{"line":930,"column":27},"end":{"line":930,"column":null}},"243":{"start":{"line":930,"column":45},"end":{"line":930,"column":87}},"244":{"start":{"line":931,"column":24},"end":{"line":931,"column":null}},"245":{"start":{"line":931,"column":43},"end":{"line":931,"column":null}},"246":{"start":{"line":931,"column":61},"end":{"line":931,"column":95}},"247":{"start":{"line":931,"column":83},"end":{"line":931,"column":94}},"248":{"start":{"line":933,"column":25},"end":{"line":943,"column":null}},"249":{"start":{"line":934,"column":24},"end":{"line":940,"column":null}},"250":{"start":{"line":935,"column":58},"end":{"line":935,"column":null}},"251":{"start":{"line":936,"column":12},"end":{"line":938,"column":null}},"252":{"start":{"line":937,"column":16},"end":{"line":937,"column":null}},"253":{"start":{"line":939,"column":12},"end":{"line":939,"column":null}},"254":{"start":{"line":941,"column":8},"end":{"line":941,"column":null}},"255":{"start":{"line":942,"column":8},"end":{"line":942,"column":null}},"256":{"start":{"line":945,"column":23},"end":{"line":951,"column":null}},"257":{"start":{"line":953,"column":66},"end":{"line":957,"column":null}},"258":{"start":{"line":962,"column":37},"end":{"line":1049,"column":null}},"259":{"start":{"line":963,"column":8},"end":{"line":1049,"column":null}},"260":{"start":{"line":1040,"column":61},"end":{"line":1040,"column":78}},"261":{"start":{"line":1040,"column":78},"end":{"line":1040,"column":98}},"262":{"start":{"line":1052,"column":4},"end":{"line":1334,"column":null}},"263":{"start":{"line":1077,"column":50},"end":{"line":1077,"column":null}},"264":{"start":{"line":1077,"column":74},"end":{"line":1077,"column":86}},"265":{"start":{"line":1078,"column":36},"end":{"line":1078,"column":null}},"266":{"start":{"line":1078,"column":48},"end":{"line":1078,"column":null}},"267":{"start":{"line":1079,"column":36},"end":{"line":1087,"column":null}},"268":{"start":{"line":1084,"column":61},"end":{"line":1084,"column":null}},"269":{"start":{"line":1096,"column":39},"end":{"line":1096,"column":null}},"270":{"start":{"line":1096,"column":65},"end":{"line":1096,"column":86}},"271":{"start":{"line":1097,"column":24},"end":{"line":1097,"column":null}},"272":{"start":{"line":1097,"column":49},"end":{"line":1097,"column":null}},"273":{"start":{"line":1098,"column":44},"end":{"line":1098,"column":null}},"274":{"start":{"line":1100,"column":24},"end":{"line":1135,"column":null}},"275":{"start":{"line":1104,"column":51},"end":{"line":1104,"column":null}},"276":{"start":{"line":1124,"column":44},"end":{"line":1131,"column":null}},"277":{"start":{"line":1128,"column":65},"end":{"line":1128,"column":null}},"278":{"start":{"line":1192,"column":46},"end":{"line":1192,"column":null}},"279":{"start":{"line":1194,"column":28},"end":{"line":1317,"column":null}},"280":{"start":{"line":1229,"column":69},"end":{"line":1229,"column":null}},"281":{"start":{"line":1239,"column":71},"end":{"line":1239,"column":null}},"282":{"start":{"line":1246,"column":71},"end":{"line":1246,"column":null}},"283":{"start":{"line":1258,"column":67},"end":{"line":1258,"column":null}},"284":{"start":{"line":1271,"column":69},"end":{"line":1271,"column":null}},"285":{"start":{"line":1276,"column":52},"end":{"line":1289,"column":null}}},"fnMap":{"0":{"name":"(anonymous_0)","decl":{"start":{"line":139,"column":23},"end":{"line":139,"column":24}},"loc":{"start":{"line":139,"column":80},"end":{"line":150,"column":null}},"line":139},"1":{"name":"(anonymous_1)","decl":{"start":{"line":152,"column":28},"end":{"line":152,"column":29}},"loc":{"start":{"line":152,"column":81},"end":{"line":194,"column":null}},"line":152},"2":{"name":"(anonymous_2)","decl":{"start":{"line":158,"column":43},"end":{"line":158,"column":44}},"loc":{"start":{"line":158,"column":55},"end":{"line":158,"column":72}},"line":158},"3":{"name":"(anonymous_3)","decl":{"start":{"line":165,"column":36},"end":{"line":165,"column":41}},"loc":{"start":{"line":165,"column":41},"end":{"line":165,"column":98}},"line":165},"4":{"name":"(anonymous_4)","decl":{"start":{"line":165,"column":60},"end":{"line":165,"column":61}},"loc":{"start":{"line":165,"column":72},"end":{"line":165,"column":85}},"line":165},"5":{"name":"(anonymous_5)","decl":{"start":{"line":184,"column":84},"end":{"line":184,"column":89}},"loc":{"start":{"line":184,"column":89},"end":{"line":184,"column":104}},"line":184},"6":{"name":"(anonymous_6)","decl":{"start":{"line":199,"column":36},"end":{"line":199,"column":37}},"loc":{"start":{"line":205,"column":6},"end":{"line":400,"column":null}},"line":205},"7":{"name":"(anonymous_7)","decl":{"start":{"line":209,"column":23},"end":{"line":209,"column":24}},"loc":{"start":{"line":209,"column":43},"end":{"line":209,"column":null}},"line":209},"8":{"name":"(anonymous_8)","decl":{"start":{"line":212,"column":27},"end":{"line":212,"column":28}},"loc":{"start":{"line":212,"column":68},"end":{"line":217,"column":null}},"line":212},"9":{"name":"(anonymous_9)","decl":{"start":{"line":220,"column":31},"end":{"line":220,"column":32}},"loc":{"start":{"line":220,"column":62},"end":{"line":225,"column":null}},"line":220},"10":{"name":"(anonymous_10)","decl":{"start":{"line":227,"column":25},"end":{"line":227,"column":26}},"loc":{"start":{"line":227,"column":47},"end":{"line":232,"column":null}},"line":227},"11":{"name":"(anonymous_11)","decl":{"start":{"line":234,"column":25},"end":{"line":234,"column":26}},"loc":{"start":{"line":234,"column":74},"end":{"line":246,"column":null}},"line":234},"12":{"name":"(anonymous_12)","decl":{"start":{"line":253,"column":29},"end":{"line":253,"column":35}},"loc":{"start":{"line":253,"column":35},"end":{"line":253,"column":null}},"line":253},"13":{"name":"(anonymous_13)","decl":{"start":{"line":265,"column":29},"end":{"line":265,"column":35}},"loc":{"start":{"line":265,"column":35},"end":{"line":265,"column":null}},"line":265},"14":{"name":"(anonymous_14)","decl":{"start":{"line":285,"column":34},"end":{"line":285,"column":35}},"loc":{"start":{"line":285,"column":41},"end":{"line":285,"column":null}},"line":285},"15":{"name":"(anonymous_15)","decl":{"start":{"line":292,"column":34},"end":{"line":292,"column":35}},"loc":{"start":{"line":292,"column":41},"end":{"line":292,"column":null}},"line":292},"16":{"name":"(anonymous_16)","decl":{"start":{"line":305,"column":38},"end":{"line":305,"column":39}},"loc":{"start":{"line":305,"column":45},"end":{"line":309,"column":null}},"line":305},"17":{"name":"(anonymous_17)","decl":{"start":{"line":330,"column":46},"end":{"line":330,"column":47}},"loc":{"start":{"line":330,"column":53},"end":{"line":330,"column":null}},"line":330},"18":{"name":"(anonymous_18)","decl":{"start":{"line":335,"column":46},"end":{"line":335,"column":47}},"loc":{"start":{"line":335,"column":53},"end":{"line":335,"column":null}},"line":335},"19":{"name":"(anonymous_19)","decl":{"start":{"line":347,"column":46},"end":{"line":347,"column":47}},"loc":{"start":{"line":347,"column":53},"end":{"line":347,"column":null}},"line":347},"20":{"name":"(anonymous_20)","decl":{"start":{"line":361,"column":46},"end":{"line":361,"column":47}},"loc":{"start":{"line":361,"column":53},"end":{"line":361,"column":null}},"line":361},"21":{"name":"(anonymous_21)","decl":{"start":{"line":366,"column":46},"end":{"line":366,"column":47}},"loc":{"start":{"line":366,"column":53},"end":{"line":366,"column":null}},"line":366},"22":{"name":"(anonymous_22)","decl":{"start":{"line":378,"column":46},"end":{"line":378,"column":47}},"loc":{"start":{"line":378,"column":53},"end":{"line":378,"column":null}},"line":378},"23":{"name":"(anonymous_23)","decl":{"start":{"line":411,"column":32},"end":{"line":411,"column":33}},"loc":{"start":{"line":411,"column":126},"end":{"line":489,"column":null}},"line":411},"24":{"name":"(anonymous_24)","decl":{"start":{"line":421,"column":25},"end":{"line":421,"column":31}},"loc":{"start":{"line":421,"column":31},"end":{"line":423,"column":null}},"line":421},"25":{"name":"(anonymous_25)","decl":{"start":{"line":424,"column":20},"end":{"line":424,"column":21}},"loc":{"start":{"line":424,"column":33},"end":{"line":436,"column":null}},"line":424},"26":{"name":"(anonymous_26)","decl":{"start":{"line":437,"column":23},"end":{"line":437,"column":24}},"loc":{"start":{"line":437,"column":36},"end":{"line":457,"column":null}},"line":437},"27":{"name":"(anonymous_27)","decl":{"start":{"line":459,"column":21},"end":{"line":459,"column":27}},"loc":{"start":{"line":459,"column":27},"end":{"line":459,"column":null}},"line":459},"28":{"name":"(anonymous_28)","decl":{"start":{"line":473,"column":25},"end":{"line":473,"column":26}},"loc":{"start":{"line":473,"column":32},"end":{"line":476,"column":null}},"line":473},"29":{"name":"(anonymous_29)","decl":{"start":{"line":477,"column":31},"end":{"line":477,"column":32}},"loc":{"start":{"line":477,"column":38},"end":{"line":477,"column":null}},"line":477},"30":{"name":"(anonymous_30)","decl":{"start":{"line":492,"column":38},"end":{"line":492,"column":39}},"loc":{"start":{"line":504,"column":11},"end":{"line":729,"column":null}},"line":504},"31":{"name":"(anonymous_31)","decl":{"start":{"line":506,"column":36},"end":{"line":506,"column":41}},"loc":{"start":{"line":506,"column":41},"end":{"line":506,"column":57}},"line":506},"32":{"name":"(anonymous_32)","decl":{"start":{"line":537,"column":35},"end":{"line":537,"column":36}},"loc":{"start":{"line":537,"column":42},"end":{"line":537,"column":null}},"line":537},"33":{"name":"(anonymous_33)","decl":{"start":{"line":547,"column":37},"end":{"line":547,"column":43}},"loc":{"start":{"line":547,"column":43},"end":{"line":547,"column":null}},"line":547},"34":{"name":"(anonymous_34)","decl":{"start":{"line":574,"column":37},"end":{"line":574,"column":43}},"loc":{"start":{"line":574,"column":43},"end":{"line":574,"column":null}},"line":574},"35":{"name":"(anonymous_35)","decl":{"start":{"line":587,"column":46},"end":{"line":587,"column":47}},"loc":{"start":{"line":587,"column":53},"end":{"line":587,"column":null}},"line":587},"36":{"name":"(anonymous_36)","decl":{"start":{"line":590,"column":55},"end":{"line":590,"column":56}},"loc":{"start":{"line":590,"column":69},"end":{"line":590,"column":131}},"line":590},"37":{"name":"(anonymous_37)","decl":{"start":{"line":596,"column":55},"end":{"line":596,"column":56}},"loc":{"start":{"line":597,"column":40},"end":{"line":617,"column":null}},"line":597},"38":{"name":"(anonymous_38)","decl":{"start":{"line":608,"column":58},"end":{"line":608,"column":64}},"loc":{"start":{"line":608,"column":64},"end":{"line":608,"column":null}},"line":608},"39":{"name":"(anonymous_39)","decl":{"start":{"line":624,"column":55},"end":{"line":624,"column":56}},"loc":{"start":{"line":624,"column":69},"end":{"line":655,"column":37}},"line":624},"40":{"name":"(anonymous_40)","decl":{"start":{"line":637,"column":62},"end":{"line":637,"column":68}},"loc":{"start":{"line":637,"column":68},"end":{"line":643,"column":null}},"line":637},"41":{"name":"(anonymous_41)","decl":{"start":{"line":640,"column":77},"end":{"line":640,"column":82}},"loc":{"start":{"line":640,"column":82},"end":{"line":640,"column":97}},"line":640},"42":{"name":"(anonymous_42)","decl":{"start":{"line":661,"column":81},"end":{"line":661,"column":82}},"loc":{"start":{"line":662,"column":40},"end":{"line":670,"column":null}},"line":662},"43":{"name":"(anonymous_43)","decl":{"start":{"line":664,"column":61},"end":{"line":664,"column":67}},"loc":{"start":{"line":664,"column":67},"end":{"line":667,"column":47}},"line":664},"44":{"name":"(anonymous_44)","decl":{"start":{"line":666,"column":101},"end":{"line":666,"column":106}},"loc":{"start":{"line":666,"column":106},"end":{"line":666,"column":115}},"line":666},"45":{"name":"(anonymous_45)","decl":{"start":{"line":677,"column":50},"end":{"line":677,"column":55}},"loc":{"start":{"line":677,"column":55},"end":{"line":677,"column":null}},"line":677},"46":{"name":"(anonymous_46)","decl":{"start":{"line":677,"column":68},"end":{"line":677,"column":69}},"loc":{"start":{"line":677,"column":84},"end":{"line":677,"column":138}},"line":677},"47":{"name":"(anonymous_47)","decl":{"start":{"line":678,"column":51},"end":{"line":678,"column":56}},"loc":{"start":{"line":678,"column":56},"end":{"line":678,"column":null}},"line":678},"48":{"name":"(anonymous_48)","decl":{"start":{"line":690,"column":50},"end":{"line":690,"column":51}},"loc":{"start":{"line":690,"column":57},"end":{"line":690,"column":null}},"line":690},"49":{"name":"(anonymous_49)","decl":{"start":{"line":704,"column":50},"end":{"line":704,"column":51}},"loc":{"start":{"line":704,"column":57},"end":{"line":704,"column":null}},"line":704},"50":{"name":"(anonymous_50)","decl":{"start":{"line":712,"column":50},"end":{"line":712,"column":51}},"loc":{"start":{"line":712,"column":57},"end":{"line":712,"column":null}},"line":712},"51":{"name":"(anonymous_51)","decl":{"start":{"line":720,"column":46},"end":{"line":720,"column":47}},"loc":{"start":{"line":720,"column":55},"end":{"line":720,"column":null}},"line":720},"52":{"name":"(anonymous_52)","decl":{"start":{"line":731,"column":41},"end":{"line":731,"column":47}},"loc":{"start":{"line":731,"column":47},"end":{"line":1336,"column":null}},"line":731},"53":{"name":"(anonymous_53)","decl":{"start":{"line":733,"column":31},"end":{"line":733,"column":32}},"loc":{"start":{"line":733,"column":62},"end":{"line":743,"column":null}},"line":733},"54":{"name":"(anonymous_54)","decl":{"start":{"line":735,"column":30},"end":{"line":735,"column":35}},"loc":{"start":{"line":735,"column":35},"end":{"line":735,"column":75}},"line":735},"55":{"name":"(anonymous_55)","decl":{"start":{"line":759,"column":27},"end":{"line":759,"column":28}},"loc":{"start":{"line":759,"column":69},"end":{"line":764,"column":null}},"line":759},"56":{"name":"(anonymous_56)","decl":{"start":{"line":761,"column":26},"end":{"line":761,"column":null}},"loc":{"start":{"line":762,"column":12},"end":{"line":762,"column":null}},"line":762},"57":{"name":"(anonymous_57)","decl":{"start":{"line":762,"column":49},"end":{"line":762,"column":55}},"loc":{"start":{"line":762,"column":55},"end":{"line":762,"column":69}},"line":762},"58":{"name":"(anonymous_58)","decl":{"start":{"line":766,"column":27},"end":{"line":766,"column":28}},"loc":{"start":{"line":766,"column":46},"end":{"line":770,"column":null}},"line":766},"59":{"name":"(anonymous_59)","decl":{"start":{"line":767,"column":31},"end":{"line":767,"column":null}},"loc":{"start":{"line":768,"column":12},"end":{"line":768,"column":null}},"line":768},"60":{"name":"(anonymous_60)","decl":{"start":{"line":768,"column":47},"end":{"line":768,"column":53}},"loc":{"start":{"line":768,"column":53},"end":{"line":768,"column":65}},"line":768},"61":{"name":"(anonymous_61)","decl":{"start":{"line":773,"column":29},"end":{"line":773,"column":35}},"loc":{"start":{"line":773,"column":35},"end":{"line":796,"column":null}},"line":773},"62":{"name":"(anonymous_62)","decl":{"start":{"line":786,"column":22},"end":{"line":786,"column":23}},"loc":{"start":{"line":786,"column":43},"end":{"line":795,"column":9}},"line":786},"63":{"name":"(anonymous_63)","decl":{"start":{"line":787,"column":23},"end":{"line":787,"column":29}},"loc":{"start":{"line":787,"column":29},"end":{"line":794,"column":15}},"line":787},"64":{"name":"(anonymous_64)","decl":{"start":{"line":798,"column":29},"end":{"line":798,"column":35}},"loc":{"start":{"line":798,"column":35},"end":{"line":805,"column":null}},"line":798},"65":{"name":"(anonymous_65)","decl":{"start":{"line":807,"column":28},"end":{"line":807,"column":29}},"loc":{"start":{"line":807,"column":73},"end":{"line":826,"column":null}},"line":807},"66":{"name":"(anonymous_66)","decl":{"start":{"line":808,"column":18},"end":{"line":808,"column":26}},"loc":{"start":{"line":808,"column":26},"end":{"line":825,"column":9}},"line":808},"67":{"name":"(anonymous_67)","decl":{"start":{"line":812,"column":48},"end":{"line":812,"column":53}},"loc":{"start":{"line":812,"column":53},"end":{"line":812,"column":75}},"line":812},"68":{"name":"(anonymous_68)","decl":{"start":{"line":828,"column":33},"end":{"line":828,"column":34}},"loc":{"start":{"line":828,"column":74},"end":{"line":839,"column":null}},"line":828},"69":{"name":"(anonymous_69)","decl":{"start":{"line":829,"column":18},"end":{"line":829,"column":26}},"loc":{"start":{"line":829,"column":26},"end":{"line":838,"column":9}},"line":829},"70":{"name":"(anonymous_70)","decl":{"start":{"line":834,"column":56},"end":{"line":834,"column":62}},"loc":{"start":{"line":834,"column":62},"end":{"line":834,"column":76}},"line":834},"71":{"name":"(anonymous_71)","decl":{"start":{"line":835,"column":62},"end":{"line":835,"column":68}},"loc":{"start":{"line":835,"column":68},"end":{"line":835,"column":82}},"line":835},"72":{"name":"(anonymous_72)","decl":{"start":{"line":842,"column":27},"end":{"line":842,"column":28}},"loc":{"start":{"line":842,"column":68},"end":{"line":856,"column":null}},"line":842},"73":{"name":"(anonymous_73)","decl":{"start":{"line":843,"column":18},"end":{"line":843,"column":26}},"loc":{"start":{"line":843,"column":26},"end":{"line":855,"column":9}},"line":843},"74":{"name":"(anonymous_74)","decl":{"start":{"line":851,"column":51},"end":{"line":851,"column":57}},"loc":{"start":{"line":851,"column":57},"end":{"line":851,"column":71}},"line":851},"75":{"name":"(anonymous_75)","decl":{"start":{"line":859,"column":30},"end":{"line":859,"column":31}},"loc":{"start":{"line":859,"column":79},"end":{"line":869,"column":null}},"line":859},"76":{"name":"(anonymous_76)","decl":{"start":{"line":860,"column":18},"end":{"line":860,"column":26}},"loc":{"start":{"line":860,"column":26},"end":{"line":868,"column":9}},"line":860},"77":{"name":"(anonymous_77)","decl":{"start":{"line":872,"column":26},"end":{"line":872,"column":27}},"loc":{"start":{"line":872,"column":70},"end":{"line":881,"column":null}},"line":872},"78":{"name":"(anonymous_78)","decl":{"start":{"line":873,"column":18},"end":{"line":873,"column":26}},"loc":{"start":{"line":873,"column":26},"end":{"line":880,"column":9}},"line":873},"79":{"name":"(anonymous_79)","decl":{"start":{"line":883,"column":33},"end":{"line":883,"column":34}},"loc":{"start":{"line":883,"column":86},"end":{"line":895,"column":null}},"line":883},"80":{"name":"(anonymous_80)","decl":{"start":{"line":884,"column":18},"end":{"line":884,"column":26}},"loc":{"start":{"line":884,"column":26},"end":{"line":894,"column":9}},"line":884},"81":{"name":"(anonymous_81)","decl":{"start":{"line":897,"column":28},"end":{"line":897,"column":29}},"loc":{"start":{"line":897,"column":69},"end":{"line":903,"column":null}},"line":897},"82":{"name":"(anonymous_82)","decl":{"start":{"line":898,"column":18},"end":{"line":898,"column":26}},"loc":{"start":{"line":898,"column":26},"end":{"line":902,"column":9}},"line":898},"83":{"name":"(anonymous_83)","decl":{"start":{"line":905,"column":29},"end":{"line":905,"column":30}},"loc":{"start":{"line":905,"column":129},"end":{"line":912,"column":null}},"line":905},"84":{"name":"(anonymous_84)","decl":{"start":{"line":910,"column":25},"end":{"line":910,"column":34}},"loc":{"start":{"line":910,"column":34},"end":{"line":910,"column":80}},"line":910},"85":{"name":"(anonymous_85)","decl":{"start":{"line":914,"column":30},"end":{"line":914,"column":31}},"loc":{"start":{"line":914,"column":102},"end":{"line":928,"column":null}},"line":914},"86":{"name":"(anonymous_86)","decl":{"start":{"line":915,"column":18},"end":{"line":915,"column":26}},"loc":{"start":{"line":915,"column":26},"end":{"line":927,"column":9}},"line":915},"87":{"name":"(anonymous_87)","decl":{"start":{"line":930,"column":21},"end":{"line":930,"column":27}},"loc":{"start":{"line":930,"column":27},"end":{"line":930,"column":null}},"line":930},"88":{"name":"(anonymous_88)","decl":{"start":{"line":930,"column":37},"end":{"line":930,"column":45}},"loc":{"start":{"line":930,"column":45},"end":{"line":930,"column":87}},"line":930},"89":{"name":"(anonymous_89)","decl":{"start":{"line":931,"column":24},"end":{"line":931,"column":25}},"loc":{"start":{"line":931,"column":43},"end":{"line":931,"column":null}},"line":931},"90":{"name":"(anonymous_90)","decl":{"start":{"line":931,"column":53},"end":{"line":931,"column":61}},"loc":{"start":{"line":931,"column":61},"end":{"line":931,"column":95}},"line":931},"91":{"name":"(anonymous_91)","decl":{"start":{"line":931,"column":73},"end":{"line":931,"column":74}},"loc":{"start":{"line":931,"column":83},"end":{"line":931,"column":94}},"line":931},"92":{"name":"(anonymous_92)","decl":{"start":{"line":933,"column":25},"end":{"line":933,"column":31}},"loc":{"start":{"line":933,"column":31},"end":{"line":943,"column":null}},"line":933},"93":{"name":"(anonymous_93)","decl":{"start":{"line":934,"column":35},"end":{"line":934,"column":40}},"loc":{"start":{"line":934,"column":40},"end":{"line":940,"column":9}},"line":934},"94":{"name":"(anonymous_94)","decl":{"start":{"line":936,"column":35},"end":{"line":936,"column":42}},"loc":{"start":{"line":936,"column":42},"end":{"line":938,"column":13}},"line":936},"95":{"name":"(anonymous_95)","decl":{"start":{"line":962,"column":37},"end":{"line":962,"column":null}},"loc":{"start":{"line":963,"column":8},"end":{"line":1049,"column":null}},"line":963},"96":{"name":"(anonymous_96)","decl":{"start":{"line":1040,"column":53},"end":{"line":1040,"column":59}},"loc":{"start":{"line":1040,"column":59},"end":{"line":1040,"column":101}},"line":1040},"97":{"name":"(anonymous_97)","decl":{"start":{"line":1076,"column":52},"end":{"line":1076,"column":59}},"loc":{"start":{"line":1076,"column":59},"end":{"line":1089,"column":33}},"line":1076},"98":{"name":"(anonymous_98)","decl":{"start":{"line":1077,"column":69},"end":{"line":1077,"column":74}},"loc":{"start":{"line":1077,"column":74},"end":{"line":1077,"column":86}},"line":1077},"99":{"name":"(anonymous_99)","decl":{"start":{"line":1084,"column":51},"end":{"line":1084,"column":52}},"loc":{"start":{"line":1084,"column":61},"end":{"line":1084,"column":null}},"line":1084},"100":{"name":"(anonymous_100)","decl":{"start":{"line":1095,"column":43},"end":{"line":1095,"column":50}},"loc":{"start":{"line":1095,"column":50},"end":{"line":1137,"column":21}},"line":1095},"101":{"name":"(anonymous_101)","decl":{"start":{"line":1096,"column":60},"end":{"line":1096,"column":65}},"loc":{"start":{"line":1096,"column":65},"end":{"line":1096,"column":86}},"line":1096},"102":{"name":"(anonymous_102)","decl":{"start":{"line":1104,"column":45},"end":{"line":1104,"column":51}},"loc":{"start":{"line":1104,"column":51},"end":{"line":1104,"column":null}},"line":1104},"103":{"name":"(anonymous_103)","decl":{"start":{"line":1123,"column":52},"end":{"line":1123,"column":null}},"loc":{"start":{"line":1124,"column":44},"end":{"line":1131,"column":null}},"line":1124},"104":{"name":"(anonymous_104)","decl":{"start":{"line":1128,"column":55},"end":{"line":1128,"column":56}},"loc":{"start":{"line":1128,"column":65},"end":{"line":1128,"column":null}},"line":1128},"105":{"name":"(anonymous_105)","decl":{"start":{"line":1191,"column":36},"end":{"line":1191,"column":37}},"loc":{"start":{"line":1191,"column":55},"end":{"line":1319,"column":25}},"line":1191},"106":{"name":"(anonymous_106)","decl":{"start":{"line":1229,"column":62},"end":{"line":1229,"column":63}},"loc":{"start":{"line":1229,"column":69},"end":{"line":1229,"column":null}},"line":1229},"107":{"name":"(anonymous_107)","decl":{"start":{"line":1239,"column":65},"end":{"line":1239,"column":71}},"loc":{"start":{"line":1239,"column":71},"end":{"line":1239,"column":null}},"line":1239},"108":{"name":"(anonymous_108)","decl":{"start":{"line":1246,"column":65},"end":{"line":1246,"column":71}},"loc":{"start":{"line":1246,"column":71},"end":{"line":1246,"column":null}},"line":1246},"109":{"name":"(anonymous_109)","decl":{"start":{"line":1258,"column":61},"end":{"line":1258,"column":67}},"loc":{"start":{"line":1258,"column":67},"end":{"line":1258,"column":null}},"line":1258},"110":{"name":"(anonymous_110)","decl":{"start":{"line":1271,"column":55},"end":{"line":1271,"column":56}},"loc":{"start":{"line":1271,"column":69},"end":{"line":1271,"column":null}},"line":1271},"111":{"name":"(anonymous_111)","decl":{"start":{"line":1275,"column":72},"end":{"line":1275,"column":73}},"loc":{"start":{"line":1276,"column":52},"end":{"line":1289,"column":null}},"line":1276}},"branchMap":{"0":{"loc":{"start":{"line":141,"column":23},"end":{"line":141,"column":null}},"type":"cond-expr","locations":[{"start":{"line":141,"column":39},"end":{"line":141,"column":44}},{"start":{"line":141,"column":44},"end":{"line":141,"column":null}}],"line":141},"1":{"loc":{"start":{"line":144,"column":4},"end":{"line":144,"column":null}},"type":"if","locations":[{"start":{"line":144,"column":4},"end":{"line":144,"column":null}},{"start":{},"end":{}}],"line":144},"2":{"loc":{"start":{"line":145,"column":4},"end":{"line":145,"column":null}},"type":"if","locations":[{"start":{"line":145,"column":4},"end":{"line":145,"column":null}},{"start":{},"end":{}}],"line":145},"3":{"loc":{"start":{"line":146,"column":4},"end":{"line":146,"column":null}},"type":"if","locations":[{"start":{"line":146,"column":4},"end":{"line":146,"column":null}},{"start":{},"end":{}}],"line":146},"4":{"loc":{"start":{"line":153,"column":4},"end":{"line":153,"column":null}},"type":"if","locations":[{"start":{"line":153,"column":4},"end":{"line":153,"column":null}},{"start":{},"end":{}}],"line":153},"5":{"loc":{"start":{"line":155,"column":4},"end":{"line":193,"column":null}},"type":"switch","locations":[{"start":{"line":156,"column":8},"end":{"line":156,"column":null}},{"start":{"line":157,"column":8},"end":{"line":160,"column":null}},{"start":{"line":161,"column":8},"end":{"line":167,"column":null}},{"start":{"line":168,"column":8},"end":{"line":172,"column":null}},{"start":{"line":173,"column":8},"end":{"line":174,"column":null}},{"start":{"line":175,"column":8},"end":{"line":176,"column":null}},{"start":{"line":177,"column":8},"end":{"line":190,"column":null}},{"start":{"line":191,"column":8},"end":{"line":192,"column":null}}],"line":155},"6":{"loc":{"start":{"line":159,"column":19},"end":{"line":159,"column":null}},"type":"cond-expr","locations":[{"start":{"line":159,"column":25},"end":{"line":159,"column":37}},{"start":{"line":159,"column":37},"end":{"line":159,"column":null}}],"line":159},"7":{"loc":{"start":{"line":163,"column":12},"end":{"line":163,"column":null}},"type":"if","locations":[{"start":{"line":163,"column":12},"end":{"line":163,"column":null}},{"start":{},"end":{}}],"line":163},"8":{"loc":{"start":{"line":164,"column":12},"end":{"line":164,"column":null}},"type":"if","locations":[{"start":{"line":164,"column":12},"end":{"line":164,"column":null}},{"start":{},"end":{}}],"line":164},"9":{"loc":{"start":{"line":165,"column":41},"end":{"line":165,"column":98}},"type":"binary-expr","locations":[{"start":{"line":165,"column":41},"end":{"line":165,"column":97}},{"start":{"line":165,"column":97},"end":{"line":165,"column":98}}],"line":165},"10":{"loc":{"start":{"line":170,"column":12},"end":{"line":170,"column":null}},"type":"if","locations":[{"start":{"line":170,"column":12},"end":{"line":170,"column":null}},{"start":{},"end":{}}],"line":170},"11":{"loc":{"start":{"line":174,"column":19},"end":{"line":174,"column":null}},"type":"cond-expr","locations":[{"start":{"line":174,"column":27},"end":{"line":174,"column":51}},{"start":{"line":174,"column":51},"end":{"line":174,"column":null}}],"line":174},"12":{"loc":{"start":{"line":176,"column":22},"end":{"line":176,"column":38}},"type":"binary-expr","locations":[{"start":{"line":176,"column":22},"end":{"line":176,"column":35}},{"start":{"line":176,"column":35},"end":{"line":176,"column":38}}],"line":176},"13":{"loc":{"start":{"line":176,"column":44},"end":{"line":176,"column":60}},"type":"binary-expr","locations":[{"start":{"line":176,"column":44},"end":{"line":176,"column":57}},{"start":{"line":176,"column":57},"end":{"line":176,"column":60}}],"line":176},"14":{"loc":{"start":{"line":179,"column":12},"end":{"line":189,"column":null}},"type":"if","locations":[{"start":{"line":179,"column":12},"end":{"line":189,"column":null}},{"start":{"line":181,"column":19},"end":{"line":189,"column":null}}],"line":179},"15":{"loc":{"start":{"line":180,"column":26},"end":{"line":180,"column":49}},"type":"binary-expr","locations":[{"start":{"line":180,"column":26},"end":{"line":180,"column":46}},{"start":{"line":180,"column":46},"end":{"line":180,"column":49}}],"line":180},"16":{"loc":{"start":{"line":180,"column":55},"end":{"line":180,"column":76}},"type":"binary-expr","locations":[{"start":{"line":180,"column":55},"end":{"line":180,"column":73}},{"start":{"line":180,"column":73},"end":{"line":180,"column":76}}],"line":180},"17":{"loc":{"start":{"line":182,"column":16},"end":{"line":185,"column":null}},"type":"if","locations":[{"start":{"line":182,"column":16},"end":{"line":185,"column":null}},{"start":{},"end":{}}],"line":182},"18":{"loc":{"start":{"line":184,"column":27},"end":{"line":184,"column":null}},"type":"binary-expr","locations":[{"start":{"line":184,"column":27},"end":{"line":184,"column":109}},{"start":{"line":184,"column":109},"end":{"line":184,"column":null}}],"line":184},"19":{"loc":{"start":{"line":207,"column":22},"end":{"line":207,"column":null}},"type":"cond-expr","locations":[{"start":{"line":207,"column":36},"end":{"line":207,"column":44}},{"start":{"line":207,"column":44},"end":{"line":207,"column":null}}],"line":207},"20":{"loc":{"start":{"line":256,"column":24},"end":{"line":258,"column":null}},"type":"cond-expr","locations":[{"start":{"line":257,"column":30},"end":{"line":257,"column":null}},{"start":{"line":258,"column":30},"end":{"line":258,"column":null}}],"line":256},"21":{"loc":{"start":{"line":268,"column":24},"end":{"line":270,"column":null}},"type":"cond-expr","locations":[{"start":{"line":269,"column":30},"end":{"line":269,"column":null}},{"start":{"line":270,"column":30},"end":{"line":270,"column":null}}],"line":268},"22":{"loc":{"start":{"line":279,"column":13},"end":{"line":294,"column":null}},"type":"binary-expr","locations":[{"start":{"line":279,"column":13},"end":{"line":279,"column":null}},{"start":{"line":280,"column":16},"end":{"line":294,"column":null}}],"line":279},"23":{"loc":{"start":{"line":298,"column":13},"end":{"line":396,"column":null}},"type":"binary-expr","locations":[{"start":{"line":298,"column":13},"end":{"line":298,"column":null}},{"start":{"line":299,"column":16},"end":{"line":396,"column":null}}],"line":298},"24":{"loc":{"start":{"line":304,"column":35},"end":{"line":304,"column":null}},"type":"cond-expr","locations":[{"start":{"line":304,"column":74},"end":{"line":304,"column":104}},{"start":{"line":304,"column":104},"end":{"line":304,"column":null}}],"line":304},"25":{"loc":{"start":{"line":307,"column":32},"end":{"line":308,"column":null}},"type":"if","locations":[{"start":{"line":307,"column":32},"end":{"line":308,"column":null}},{"start":{"line":308,"column":37},"end":{"line":308,"column":null}}],"line":307},"26":{"loc":{"start":{"line":321,"column":21},"end":{"line":394,"column":null}},"type":"binary-expr","locations":[{"start":{"line":321,"column":21},"end":{"line":321,"column":null}},{"start":{"line":322,"column":24},"end":{"line":394,"column":null}}],"line":321},"27":{"loc":{"start":{"line":344,"column":40},"end":{"line":344,"column":null}},"type":"cond-expr","locations":[{"start":{"line":344,"column":93},"end":{"line":344,"column":112}},{"start":{"line":344,"column":112},"end":{"line":344,"column":null}}],"line":344},"28":{"loc":{"start":{"line":375,"column":40},"end":{"line":375,"column":null}},"type":"cond-expr","locations":[{"start":{"line":375,"column":91},"end":{"line":375,"column":110}},{"start":{"line":375,"column":110},"end":{"line":375,"column":null}}],"line":375},"29":{"loc":{"start":{"line":427,"column":16},"end":{"line":435,"column":null}},"type":"if","locations":[{"start":{"line":427,"column":16},"end":{"line":435,"column":null}},{"start":{},"end":{}}],"line":427},"30":{"loc":{"start":{"line":429,"column":20},"end":{"line":434,"column":null}},"type":"if","locations":[{"start":{"line":429,"column":20},"end":{"line":434,"column":null}},{"start":{"line":432,"column":27},"end":{"line":434,"column":null}}],"line":429},"31":{"loc":{"start":{"line":445,"column":16},"end":{"line":451,"column":null}},"type":"if","locations":[{"start":{"line":445,"column":16},"end":{"line":451,"column":null}},{"start":{},"end":{}}],"line":445},"32":{"loc":{"start":{"line":447,"column":20},"end":{"line":450,"column":null}},"type":"if","locations":[{"start":{"line":447,"column":20},"end":{"line":450,"column":null}},{"start":{},"end":{}}],"line":447},"33":{"loc":{"start":{"line":454,"column":16},"end":{"line":456,"column":null}},"type":"if","locations":[{"start":{"line":454,"column":16},"end":{"line":456,"column":null}},{"start":{},"end":{}}],"line":454},"34":{"loc":{"start":{"line":480,"column":20},"end":{"line":480,"column":null}},"type":"cond-expr","locations":[{"start":{"line":480,"column":33},"end":{"line":480,"column":74}},{"start":{"line":480,"column":74},"end":{"line":480,"column":null}}],"line":480},"35":{"loc":{"start":{"line":483,"column":38},"end":{"line":483,"column":76}},"type":"cond-expr","locations":[{"start":{"line":483,"column":51},"end":{"line":483,"column":68}},{"start":{"line":483,"column":68},"end":{"line":483,"column":76}}],"line":483},"36":{"loc":{"start":{"line":507,"column":4},"end":{"line":507,"column":null}},"type":"if","locations":[{"start":{"line":507,"column":4},"end":{"line":507,"column":null}},{"start":{},"end":{}}],"line":507},"37":{"loc":{"start":{"line":520,"column":13},"end":{"line":524,"column":null}},"type":"binary-expr","locations":[{"start":{"line":520,"column":13},"end":{"line":520,"column":null}},{"start":{"line":521,"column":16},"end":{"line":524,"column":null}}],"line":520},"38":{"loc":{"start":{"line":529,"column":16},"end":{"line":529,"column":null}},"type":"cond-expr","locations":[{"start":{"line":529,"column":30},"end":{"line":529,"column":105}},{"start":{"line":529,"column":105},"end":{"line":529,"column":null}}],"line":529},"39":{"loc":{"start":{"line":535,"column":24},"end":{"line":535,"column":null}},"type":"cond-expr","locations":[{"start":{"line":535,"column":38},"end":{"line":535,"column":43}},{"start":{"line":535,"column":43},"end":{"line":535,"column":null}}],"line":535},"40":{"loc":{"start":{"line":551,"column":33},"end":{"line":555,"column":null}},"type":"binary-expr","locations":[{"start":{"line":551,"column":33},"end":{"line":551,"column":null}},{"start":{"line":552,"column":36},"end":{"line":555,"column":null}}],"line":551},"41":{"loc":{"start":{"line":561,"column":33},"end":{"line":561,"column":null}},"type":"cond-expr","locations":[{"start":{"line":561,"column":47},"end":{"line":561,"column":75}},{"start":{"line":561,"column":75},"end":{"line":561,"column":null}}],"line":561},"42":{"loc":{"start":{"line":565,"column":29},"end":{"line":568,"column":null}},"type":"binary-expr","locations":[{"start":{"line":565,"column":29},"end":{"line":565,"column":null}},{"start":{"line":566,"column":32},"end":{"line":568,"column":null}}],"line":565},"43":{"loc":{"start":{"line":582,"column":21},"end":{"line":723,"column":null}},"type":"binary-expr","locations":[{"start":{"line":582,"column":21},"end":{"line":582,"column":null}},{"start":{"line":583,"column":24},"end":{"line":723,"column":null}}],"line":582},"44":{"loc":{"start":{"line":584,"column":29},"end":{"line":591,"column":null}},"type":"binary-expr","locations":[{"start":{"line":584,"column":29},"end":{"line":584,"column":null}},{"start":{"line":585,"column":32},"end":{"line":591,"column":null}}],"line":584},"45":{"loc":{"start":{"line":594,"column":29},"end":{"line":619,"column":null}},"type":"binary-expr","locations":[{"start":{"line":594,"column":29},"end":{"line":594,"column":null}},{"start":{"line":595,"column":32},"end":{"line":619,"column":null}}],"line":594},"46":{"loc":{"start":{"line":599,"column":44},"end":{"line":601,"column":null}},"type":"cond-expr","locations":[{"start":{"line":600,"column":50},"end":{"line":600,"column":null}},{"start":{"line":601,"column":50},"end":{"line":601,"column":null}}],"line":599},"47":{"loc":{"start":{"line":611,"column":45},"end":{"line":615,"column":null}},"type":"binary-expr","locations":[{"start":{"line":611,"column":45},"end":{"line":611,"column":null}},{"start":{"line":612,"column":48},"end":{"line":615,"column":null}}],"line":611},"48":{"loc":{"start":{"line":614,"column":52},"end":{"line":614,"column":null}},"type":"cond-expr","locations":[{"start":{"line":614,"column":94},"end":{"line":614,"column":118}},{"start":{"line":614,"column":118},"end":{"line":614,"column":null}}],"line":614},"49":{"loc":{"start":{"line":622,"column":29},"end":{"line":656,"column":null}},"type":"binary-expr","locations":[{"start":{"line":622,"column":29},"end":{"line":622,"column":null}},{"start":{"line":623,"column":32},"end":{"line":656,"column":null}}],"line":622},"50":{"loc":{"start":{"line":629,"column":48},"end":{"line":631,"column":null}},"type":"cond-expr","locations":[{"start":{"line":630,"column":54},"end":{"line":630,"column":null}},{"start":{"line":631,"column":54},"end":{"line":631,"column":null}}],"line":629},"51":{"loc":{"start":{"line":639,"column":71},"end":{"line":641,"column":null}},"type":"cond-expr","locations":[{"start":{"line":640,"column":62},"end":{"line":640,"column":null}},{"start":{"line":641,"column":62},"end":{"line":641,"column":null}}],"line":639},"52":{"loc":{"start":{"line":645,"column":49},"end":{"line":645,"column":null}},"type":"binary-expr","locations":[{"start":{"line":645,"column":49},"end":{"line":645,"column":62}},{"start":{"line":645,"column":62},"end":{"line":645,"column":null}}],"line":645},"53":{"loc":{"start":{"line":647,"column":49},"end":{"line":651,"column":null}},"type":"binary-expr","locations":[{"start":{"line":647,"column":49},"end":{"line":647,"column":null}},{"start":{"line":648,"column":52},"end":{"line":651,"column":null}}],"line":647},"54":{"loc":{"start":{"line":650,"column":56},"end":{"line":650,"column":null}},"type":"cond-expr","locations":[{"start":{"line":650,"column":68},"end":{"line":650,"column":92}},{"start":{"line":650,"column":92},"end":{"line":650,"column":null}}],"line":650},"55":{"loc":{"start":{"line":659,"column":29},"end":{"line":680,"column":null}},"type":"binary-expr","locations":[{"start":{"line":659,"column":29},"end":{"line":659,"column":null}},{"start":{"line":660,"column":32},"end":{"line":680,"column":null}}],"line":659},"56":{"loc":{"start":{"line":676,"column":47},"end":{"line":676,"column":null}},"type":"binary-expr","locations":[{"start":{"line":676,"column":47},"end":{"line":676,"column":84}},{"start":{"line":676,"column":84},"end":{"line":676,"column":null}}],"line":676},"57":{"loc":{"start":{"line":683,"column":29},"end":{"line":694,"column":null}},"type":"binary-expr","locations":[{"start":{"line":683,"column":29},"end":{"line":683,"column":null}},{"start":{"line":684,"column":32},"end":{"line":694,"column":null}}],"line":683},"58":{"loc":{"start":{"line":693,"column":37},"end":{"line":693,"column":null}},"type":"binary-expr","locations":[{"start":{"line":693,"column":37},"end":{"line":693,"column":66}},{"start":{"line":693,"column":66},"end":{"line":693,"column":null}}],"line":693},"59":{"loc":{"start":{"line":697,"column":29},"end":{"line":714,"column":null}},"type":"binary-expr","locations":[{"start":{"line":697,"column":29},"end":{"line":697,"column":null}},{"start":{"line":698,"column":32},"end":{"line":714,"column":null}}],"line":697},"60":{"loc":{"start":{"line":717,"column":29},"end":{"line":721,"column":null}},"type":"binary-expr","locations":[{"start":{"line":717,"column":29},"end":{"line":717,"column":null}},{"start":{"line":718,"column":32},"end":{"line":721,"column":null}}],"line":717},"61":{"loc":{"start":{"line":733,"column":32},"end":{"line":733,"column":62}},"type":"default-arg","locations":[{"start":{"line":733,"column":40},"end":{"line":733,"column":62}}],"line":733},"62":{"loc":{"start":{"line":762,"column":12},"end":{"line":762,"column":null}},"type":"cond-expr","locations":[{"start":{"line":762,"column":37},"end":{"line":762,"column":73}},{"start":{"line":762,"column":73},"end":{"line":762,"column":null}}],"line":762},"63":{"loc":{"start":{"line":768,"column":12},"end":{"line":768,"column":null}},"type":"cond-expr","locations":[{"start":{"line":768,"column":35},"end":{"line":768,"column":69}},{"start":{"line":768,"column":69},"end":{"line":768,"column":null}}],"line":768},"64":{"loc":{"start":{"line":789,"column":16},"end":{"line":793,"column":null}},"type":"if","locations":[{"start":{"line":789,"column":16},"end":{"line":793,"column":null}},{"start":{},"end":{}}],"line":789},"65":{"loc":{"start":{"line":799,"column":8},"end":{"line":801,"column":null}},"type":"if","locations":[{"start":{"line":799,"column":8},"end":{"line":801,"column":null}},{"start":{},"end":{}}],"line":799},"66":{"loc":{"start":{"line":811,"column":12},"end":{"line":814,"column":null}},"type":"if","locations":[{"start":{"line":811,"column":12},"end":{"line":814,"column":null}},{"start":{},"end":{}}],"line":811},"67":{"loc":{"start":{"line":813,"column":16},"end":{"line":813,"column":null}},"type":"if","locations":[{"start":{"line":813,"column":16},"end":{"line":813,"column":null}},{"start":{},"end":{}}],"line":813},"68":{"loc":{"start":{"line":818,"column":12},"end":{"line":823,"column":null}},"type":"if","locations":[{"start":{"line":818,"column":12},"end":{"line":823,"column":null}},{"start":{},"end":{}}],"line":818},"69":{"loc":{"start":{"line":850,"column":33},"end":{"line":852,"column":null}},"type":"cond-expr","locations":[{"start":{"line":851,"column":22},"end":{"line":851,"column":null}},{"start":{"line":852,"column":22},"end":{"line":852,"column":null}}],"line":850},"70":{"loc":{"start":{"line":865,"column":33},"end":{"line":865,"column":null}},"type":"cond-expr","locations":[{"start":{"line":865,"column":50},"end":{"line":865,"column":76}},{"start":{"line":865,"column":76},"end":{"line":865,"column":null}}],"line":865},"71":{"loc":{"start":{"line":906,"column":8},"end":{"line":911,"column":null}},"type":"if","locations":[{"start":{"line":906,"column":8},"end":{"line":911,"column":null}},{"start":{},"end":{}}],"line":906},"72":{"loc":{"start":{"line":906,"column":12},"end":{"line":906,"column":63}},"type":"binary-expr","locations":[{"start":{"line":906,"column":12},"end":{"line":906,"column":33}},{"start":{"line":906,"column":33},"end":{"line":906,"column":63}}],"line":906},"73":{"loc":{"start":{"line":916,"column":28},"end":{"line":916,"column":null}},"type":"binary-expr","locations":[{"start":{"line":916,"column":28},"end":{"line":916,"column":68}},{"start":{"line":916,"column":68},"end":{"line":916,"column":null}}],"line":916},"74":{"loc":{"start":{"line":964,"column":13},"end":{"line":1047,"column":null}},"type":"binary-expr","locations":[{"start":{"line":964,"column":13},"end":{"line":964,"column":null}},{"start":{"line":965,"column":16},"end":{"line":1047,"column":null}}],"line":964},"75":{"loc":{"start":{"line":979,"column":25},"end":{"line":1044,"column":null}},"type":"cond-expr","locations":[{"start":{"line":980,"column":28},"end":{"line":1018,"column":null}},{"start":{"line":1020,"column":28},"end":{"line":1044,"column":null}}],"line":979},"76":{"loc":{"start":{"line":1005,"column":45},"end":{"line":1005,"column":null}},"type":"binary-expr","locations":[{"start":{"line":1005,"column":45},"end":{"line":1005,"column":76}},{"start":{"line":1005,"column":76},"end":{"line":1005,"column":null}}],"line":1005},"77":{"loc":{"start":{"line":1069,"column":21},"end":{"line":1091,"column":null}},"type":"binary-expr","locations":[{"start":{"line":1069,"column":21},"end":{"line":1069,"column":null}},{"start":{"line":1070,"column":24},"end":{"line":1091,"column":null}}],"line":1069},"78":{"loc":{"start":{"line":1078,"column":36},"end":{"line":1078,"column":null}},"type":"if","locations":[{"start":{"line":1078,"column":36},"end":{"line":1078,"column":null}},{"start":{},"end":{}}],"line":1078},"79":{"loc":{"start":{"line":1097,"column":24},"end":{"line":1097,"column":null}},"type":"if","locations":[{"start":{"line":1097,"column":24},"end":{"line":1097,"column":null}},{"start":{},"end":{}}],"line":1097},"80":{"loc":{"start":{"line":1112,"column":41},"end":{"line":1112,"column":null}},"type":"cond-expr","locations":[{"start":{"line":1112,"column":55},"end":{"line":1112,"column":84}},{"start":{"line":1112,"column":84},"end":{"line":1112,"column":null}}],"line":1112},"81":{"loc":{"start":{"line":1116,"column":33},"end":{"line":1133,"column":null}},"type":"binary-expr","locations":[{"start":{"line":1116,"column":33},"end":{"line":1116,"column":null}},{"start":{"line":1117,"column":36},"end":{"line":1133,"column":null}}],"line":1116},"82":{"loc":{"start":{"line":1158,"column":25},"end":{"line":1162,"column":null}},"type":"binary-expr","locations":[{"start":{"line":1158,"column":25},"end":{"line":1158,"column":null}},{"start":{"line":1159,"column":28},"end":{"line":1162,"column":null}}],"line":1158},"83":{"loc":{"start":{"line":1196,"column":37},"end":{"line":1201,"column":null}},"type":"binary-expr","locations":[{"start":{"line":1196,"column":37},"end":{"line":1196,"column":null}},{"start":{"line":1197,"column":40},"end":{"line":1201,"column":null}}],"line":1196},"84":{"loc":{"start":{"line":1209,"column":51},"end":{"line":1209,"column":null}},"type":"cond-expr","locations":[{"start":{"line":1209,"column":63},"end":{"line":1209,"column":70}},{"start":{"line":1209,"column":70},"end":{"line":1209,"column":null}}],"line":1209},"85":{"loc":{"start":{"line":1210,"column":57},"end":{"line":1210,"column":null}},"type":"cond-expr","locations":[{"start":{"line":1210,"column":69},"end":{"line":1210,"column":97}},{"start":{"line":1210,"column":97},"end":{"line":1210,"column":null}}],"line":1210},"86":{"loc":{"start":{"line":1211,"column":61},"end":{"line":1211,"column":null}},"type":"cond-expr","locations":[{"start":{"line":1211,"column":73},"end":{"line":1211,"column":102}},{"start":{"line":1211,"column":102},"end":{"line":1211,"column":null}}],"line":1211},"87":{"loc":{"start":{"line":1212,"column":55},"end":{"line":1212,"column":null}},"type":"cond-expr","locations":[{"start":{"line":1212,"column":67},"end":{"line":1212,"column":105}},{"start":{"line":1212,"column":105},"end":{"line":1212,"column":null}}],"line":1212},"88":{"loc":{"start":{"line":1219,"column":44},"end":{"line":1219,"column":null}},"type":"binary-expr","locations":[{"start":{"line":1219,"column":44},"end":{"line":1219,"column":58}},{"start":{"line":1219,"column":58},"end":{"line":1219,"column":null}}],"line":1219},"89":{"loc":{"start":{"line":1236,"column":45},"end":{"line":1252,"column":null}},"type":"binary-expr","locations":[{"start":{"line":1236,"column":45},"end":{"line":1236,"column":null}},{"start":{"line":1237,"column":48},"end":{"line":1252,"column":null}}],"line":1236},"90":{"loc":{"start":{"line":1255,"column":45},"end":{"line":1263,"column":null}},"type":"binary-expr","locations":[{"start":{"line":1255,"column":45},"end":{"line":1255,"column":null}},{"start":{"line":1256,"column":48},"end":{"line":1263,"column":null}}],"line":1255},"91":{"loc":{"start":{"line":1295,"column":41},"end":{"line":1303,"column":null}},"type":"binary-expr","locations":[{"start":{"line":1295,"column":41},"end":{"line":1295,"column":null}},{"start":{"line":1296,"column":44},"end":{"line":1303,"column":null}}],"line":1295},"92":{"loc":{"start":{"line":1307,"column":41},"end":{"line":1313,"column":null}},"type":"binary-expr","locations":[{"start":{"line":1307,"column":41},"end":{"line":1307,"column":76}},{"start":{"line":1307,"column":76},"end":{"line":1307,"column":null}},{"start":{"line":1308,"column":44},"end":{"line":1313,"column":null}}],"line":1307}},"s":{"0":3,"1":3,"2":3,"3":28,"4":28,"5":28,"6":28,"7":18,"8":28,"9":10,"10":28,"11":0,"12":28,"13":28,"14":3,"15":35,"16":0,"17":35,"18":17,"19":20,"20":17,"21":2,"22":2,"23":0,"24":2,"25":0,"26":2,"27":2,"28":2,"29":2,"30":3,"31":3,"32":2,"33":1,"34":0,"35":2,"36":11,"37":11,"38":2,"39":9,"40":2,"41":4,"42":7,"43":7,"44":7,"45":0,"46":3,"47":14,"48":14,"49":3,"50":14,"51":1,"52":14,"53":1,"54":14,"55":0,"56":14,"57":6,"58":14,"59":0,"60":3,"61":1,"62":0,"63":1,"64":1,"65":1,"66":0,"67":1,"68":1,"69":1,"70":1,"71":1,"72":1,"73":3,"74":404,"75":404,"76":0,"77":0,"78":0,"79":0,"80":0,"81":0,"82":0,"83":0,"84":0,"85":0,"86":0,"87":0,"88":0,"89":0,"90":0,"91":0,"92":0,"93":0,"94":0,"95":0,"96":0,"97":0,"98":11,"99":2,"100":2,"101":0,"102":3,"103":35,"104":35,"105":112,"106":35,"107":0,"108":35,"109":35,"110":35,"111":35,"112":0,"113":3,"114":1,"115":1,"116":56,"117":4,"118":0,"119":8,"120":8,"121":0,"122":0,"123":0,"124":0,"125":1,"126":0,"127":0,"128":0,"129":1,"130":1,"131":1,"132":0,"133":1,"134":0,"135":9,"136":3,"137":58,"138":60,"139":60,"140":420,"141":60,"142":58,"143":58,"144":58,"145":58,"146":58,"147":58,"148":58,"149":58,"150":58,"151":58,"152":2,"153":2,"154":2,"155":1,"156":58,"157":2,"158":2,"159":1,"160":58,"161":1,"162":1,"163":1,"164":1,"165":1,"166":5,"167":5,"168":5,"169":1,"170":1,"171":58,"172":0,"173":0,"174":0,"175":0,"176":0,"177":58,"178":11,"179":11,"180":11,"181":11,"182":0,"183":0,"184":0,"185":0,"186":11,"187":11,"188":11,"189":11,"190":58,"191":1,"192":1,"193":1,"194":1,"195":1,"196":0,"197":1,"198":58,"199":2,"200":2,"201":2,"202":2,"203":2,"204":1,"205":2,"206":58,"207":2,"208":2,"209":2,"210":2,"211":2,"212":58,"213":1,"214":1,"215":1,"216":1,"217":58,"218":11,"219":11,"220":11,"221":11,"222":58,"223":1,"224":1,"225":1,"226":1,"227":58,"228":1,"229":1,"230":1,"231":1,"232":1,"233":1,"234":58,"235":1,"236":1,"237":1,"238":1,"239":1,"240":1,"241":58,"242":2,"243":2,"244":58,"245":1,"246":1,"247":2,"248":58,"249":1,"250":1,"251":1,"252":0,"253":1,"254":1,"255":1,"256":58,"257":58,"258":58,"259":58,"260":0,"261":0,"262":58,"263":1,"264":2,"265":1,"266":0,"267":1,"268":0,"269":174,"270":1218,"271":174,"272":0,"273":174,"274":174,"275":2,"276":403,"277":11,"278":60,"279":60,"280":1,"281":1,"282":1,"283":1,"284":1,"285":31},"f":{"0":28,"1":35,"2":20,"3":2,"4":2,"5":4,"6":14,"7":3,"8":1,"9":1,"10":0,"11":6,"12":0,"13":3,"14":1,"15":0,"16":1,"17":1,"18":1,"19":1,"20":1,"21":1,"22":1,"23":404,"24":0,"25":0,"26":0,"27":11,"28":2,"29":0,"30":35,"31":112,"32":0,"33":3,"34":1,"35":1,"36":56,"37":4,"38":0,"39":8,"40":0,"41":0,"42":1,"43":0,"44":0,"45":1,"46":1,"47":1,"48":0,"49":1,"50":0,"51":9,"52":58,"53":60,"54":420,"55":2,"56":2,"57":1,"58":2,"59":2,"60":1,"61":1,"62":5,"63":5,"64":0,"65":11,"66":11,"67":0,"68":1,"69":1,"70":1,"71":0,"72":2,"73":2,"74":1,"75":2,"76":2,"77":1,"78":1,"79":11,"80":11,"81":1,"82":1,"83":1,"84":1,"85":1,"86":1,"87":2,"88":2,"89":1,"90":1,"91":2,"92":1,"93":1,"94":0,"95":58,"96":0,"97":1,"98":2,"99":0,"100":174,"101":1218,"102":2,"103":403,"104":11,"105":60,"106":1,"107":1,"108":1,"109":1,"110":1,"111":31},"b":{"0":[18,10],"1":[18,10],"2":[10,18],"3":[0,28],"4":[0,35],"5":[16,17,2,3,0,2,11,0],"6":[17,0],"7":[0,2],"8":[0,2],"9":[2,0],"10":[2,1],"11":[0,0],"12":[2,1],"13":[2,2],"14":[2,9],"15":[2,2],"16":[2,2],"17":[2,7],"18":[2,0],"19":[14,0],"20":[5,9],"21":[9,5],"22":[14,5],"23":[14,9],"24":[2,7],"25":[1,0],"26":[9,7],"27":[3,4],"28":[6,1],"29":[0,0],"30":[0,0],"31":[0,0],"32":[0,0],"33":[0,0],"34":[2,402],"35":[2,402],"36":[0,35],"37":[35,3],"38":[2,33],"39":[2,33],"40":[35,33],"41":[2,33],"42":[35,2],"43":[35,33],"44":[33,14],"45":[33,1],"46":[1,3],"47":[4,4],"48":[1,3],"49":[33,2],"50":[2,6],"51":[0,0],"52":[8,2],"53":[8,8],"54":[2,6],"55":[33,3],"56":[3,2],"57":[33,0],"58":[0,0],"59":[33,2],"60":[33,11],"61":[60],"62":[1,1],"63":[1,1],"64":[1,4],"65":[0,0],"66":[0,11],"67":[0,0],"68":[11,0],"69":[1,1],"70":[1,1],"71":[1,0],"72":[1,1],"73":[1,0],"74":[58,2],"75":[1,1],"76":[1,0],"77":[58,1],"78":[0,1],"79":[0,174],"80":[1,173],"81":[174,173],"82":[58,0],"83":[60,2],"84":[0,60],"85":[0,60],"86":[0,60],"87":[0,60],"88":[60,60],"89":[60,29],"90":[60,4],"91":[60,0],"92":[60,31,31]},"meta":{"lastBranch":93,"lastFunction":112,"lastStatement":286,"seen":{"s:28:51:39:Infinity":0,"s:43:22:127:Infinity":1,"s:139:23:150:Infinity":2,"f:139:23:139:24":0,"s:140:17:140:Infinity":3,"s:141:23:141:Infinity":4,"b:141:39:141:44:141:44:141:Infinity":0,"s:143:20:143:Infinity":5,"b:144:4:144:Infinity:undefined:undefined:undefined:undefined":1,"s:144:4:144:Infinity":6,"s:144:25:144:Infinity":7,"b:145:4:145:Infinity:undefined:undefined:undefined:undefined":2,"s:145:4:145:Infinity":8,"s:145:26:145:Infinity":9,"b:146:4:146:Infinity:undefined:undefined:undefined:undefined":3,"s:146:4:146:Infinity":10,"s:146:27:146:Infinity":11,"s:148:4:148:Infinity":12,"s:149:4:149:Infinity":13,"s:152:28:194:Infinity":14,"f:152:28:152:29":1,"b:153:4:153:Infinity:undefined:undefined:undefined:undefined":4,"s:153:4:153:Infinity":15,"s:153:16:153:Infinity":16,"b:156:8:156:Infinity:157:8:160:Infinity:161:8:167:Infinity:168:8:172:Infinity:173:8:174:Infinity:175:8:176:Infinity:177:8:190:Infinity:191:8:192:Infinity":5,"s:155:4:193:Infinity":17,"s:158:24:158:Infinity":18,"f:158:43:158:44":2,"s:158:55:158:72":19,"s:159:12:159:Infinity":20,"b:159:25:159:37:159:37:159:Infinity":6,"s:162:25:162:Infinity":21,"b:163:12:163:Infinity:undefined:undefined:undefined:undefined":7,"s:163:12:163:Infinity":22,"s:163:35:163:Infinity":23,"b:164:12:164:Infinity:undefined:undefined:undefined:undefined":8,"s:164:12:164:Infinity":24,"s:164:33:164:Infinity":25,"s:165:27:165:Infinity":26,"f:165:36:165:41":3,"s:165:41:165:98":27,"b:165:41:165:97:165:97:165:98":9,"f:165:60:165:61":4,"s:165:72:165:85":28,"s:166:12:166:Infinity":29,"s:169:25:169:Infinity":30,"b:170:12:170:Infinity:undefined:undefined:undefined:undefined":10,"s:170:12:170:Infinity":31,"s:170:35:170:Infinity":32,"s:171:12:171:Infinity":33,"s:174:12:174:Infinity":34,"b:174:27:174:51:174:51:174:Infinity":11,"s:176:12:176:Infinity":35,"b:176:22:176:35:176:35:176:38":12,"b:176:44:176:57:176:57:176:60":13,"s:178:22:178:Infinity":36,"b:179:12:189:Infinity:181:19:189:Infinity":14,"s:179:12:189:Infinity":37,"s:180:16:180:Infinity":38,"b:180:26:180:46:180:46:180:49":15,"b:180:55:180:73:180:73:180:76":16,"b:182:16:185:Infinity:undefined:undefined:undefined:undefined":17,"s:182:16:185:Infinity":39,"s:184:20:184:Infinity":40,"b:184:27:184:109:184:109:184:Infinity":18,"f:184:84:184:89":5,"s:184:89:184:104":41,"s:186:29:186:Infinity":42,"s:187:27:187:Infinity":43,"s:188:16:188:Infinity":44,"s:192:12:192:Infinity":45,"s:199:36:400:Infinity":46,"f:199:36:199:37":6,"s:207:22:207:Infinity":47,"b:207:36:207:44:207:44:207:Infinity":19,"s:209:23:209:Infinity":48,"f:209:23:209:24":7,"s:209:43:209:Infinity":49,"s:212:27:217:Infinity":50,"f:212:27:212:28":8,"s:213:8:216:Infinity":51,"s:220:31:225:Infinity":52,"f:220:31:220:32":9,"s:221:8:224:Infinity":53,"s:227:25:232:Infinity":54,"f:227:25:227:26":10,"s:228:8:231:Infinity":55,"s:234:25:246:Infinity":56,"f:234:25:234:26":11,"s:235:8:245:Infinity":57,"s:248:4:398:Infinity":58,"f:253:29:253:35":12,"s:253:35:253:Infinity":59,"b:257:30:257:Infinity:258:30:258:Infinity":20,"f:265:29:265:35":13,"s:265:35:265:Infinity":60,"b:269:30:269:Infinity:270:30:270:Infinity":21,"b:279:13:279:Infinity:280:16:294:Infinity":22,"f:285:34:285:35":14,"s:285:41:285:Infinity":61,"f:292:34:292:35":15,"s:292:41:292:Infinity":62,"b:298:13:298:Infinity:299:16:396:Infinity":23,"b:304:74:304:104:304:104:304:Infinity":24,"f:305:38:305:39":16,"s:306:44:306:Infinity":63,"b:307:32:308:Infinity:308:37:308:Infinity":25,"s:307:32:308:Infinity":64,"s:307:54:307:Infinity":65,"s:308:37:308:Infinity":66,"b:321:21:321:Infinity:322:24:394:Infinity":26,"f:330:46:330:47":17,"s:330:53:330:Infinity":67,"f:335:46:335:47":18,"s:335:53:335:Infinity":68,"b:344:93:344:112:344:112:344:Infinity":27,"f:347:46:347:47":19,"s:347:53:347:Infinity":69,"f:361:46:361:47":20,"s:361:53:361:Infinity":70,"f:366:46:366:47":21,"s:366:53:366:Infinity":71,"b:375:91:375:110:375:110:375:Infinity":28,"f:378:46:378:47":22,"s:378:53:378:Infinity":72,"s:411:32:489:Infinity":73,"f:411:32:411:33":23,"s:412:10:412:Infinity":74,"s:414:4:487:Infinity":75,"f:421:25:421:31":24,"s:422:16:422:Infinity":76,"f:424:20:424:21":25,"s:425:30:425:Infinity":77,"s:426:32:426:Infinity":78,"b:427:16:435:Infinity:undefined:undefined:undefined:undefined":29,"s:427:16:435:Infinity":79,"s:428:37:428:Infinity":80,"b:429:20:434:Infinity:432:27:434:Infinity":30,"s:429:20:434:Infinity":81,"s:430:36:430:Infinity":82,"s:431:24:431:Infinity":83,"s:433:24:433:Infinity":84,"f:437:23:437:24":26,"s:438:16:438:Infinity":85,"s:439:16:439:Infinity":86,"s:441:30:441:Infinity":87,"s:442:32:442:Infinity":88,"s:444:33:444:Infinity":89,"b:445:16:451:Infinity:undefined:undefined:undefined:undefined":31,"s:445:16:451:Infinity":90,"s:446:36:446:Infinity":91,"b:447:20:450:Infinity:undefined:undefined:undefined:undefined":32,"s:447:20:450:Infinity":92,"s:448:24:448:Infinity":93,"s:449:24:449:Infinity":94,"s:453:35:453:Infinity":95,"b:454:16:456:Infinity:undefined:undefined:undefined:undefined":33,"s:454:16:456:Infinity":96,"s:455:20:455:Infinity":97,"f:459:21:459:27":27,"s:459:27:459:Infinity":98,"f:473:25:473:26":28,"s:474:20:474:Infinity":99,"s:475:20:475:Infinity":100,"f:477:31:477:32":29,"s:477:38:477:Infinity":101,"b:480:33:480:74:480:74:480:Infinity":34,"b:483:51:483:68:483:68:483:76":35,"s:492:38:729:Infinity":102,"f:492:38:492:39":30,"s:505:10:505:Infinity":103,"s:506:17:506:Infinity":104,"f:506:36:506:41":31,"s:506:41:506:57":105,"b:507:4:507:Infinity:undefined:undefined:undefined:undefined":36,"s:507:4:507:Infinity":106,"s:507:15:507:Infinity":107,"s:509:24:509:Infinity":108,"s:510:18:510:Infinity":109,"s:511:24:511:Infinity":110,"s:513:4:727:Infinity":111,"b:520:13:520:Infinity:521:16:524:Infinity":37,"b:529:30:529:105:529:105:529:Infinity":38,"b:535:38:535:43:535:43:535:Infinity":39,"f:537:35:537:36":32,"s:537:42:537:Infinity":112,"f:547:37:547:43":33,"s:547:43:547:Infinity":113,"b:551:33:551:Infinity:552:36:555:Infinity":40,"b:561:47:561:75:561:75:561:Infinity":41,"b:565:29:565:Infinity:566:32:568:Infinity":42,"f:574:37:574:43":34,"s:574:43:574:Infinity":114,"b:582:21:582:Infinity:583:24:723:Infinity":43,"b:584:29:584:Infinity:585:32:591:Infinity":44,"f:587:46:587:47":35,"s:587:53:587:Infinity":115,"f:590:55:590:56":36,"s:590:69:590:131":116,"b:594:29:594:Infinity:595:32:619:Infinity":45,"f:596:55:596:56":37,"s:597:40:617:Infinity":117,"b:600:50:600:Infinity:601:50:601:Infinity":46,"f:608:58:608:64":38,"s:608:64:608:Infinity":118,"b:611:45:611:Infinity:612:48:615:Infinity":47,"b:614:94:614:118:614:118:614:Infinity":48,"b:622:29:622:Infinity:623:32:656:Infinity":49,"f:624:55:624:56":39,"s:625:59:625:Infinity":119,"s:626:40:653:Infinity":120,"b:630:54:630:Infinity:631:54:631:Infinity":50,"f:637:62:637:68":40,"s:638:72:638:Infinity":121,"s:639:71:641:Infinity":122,"b:640:62:640:Infinity:641:62:641:Infinity":51,"f:640:77:640:82":41,"s:640:82:640:97":123,"s:642:56:642:Infinity":124,"b:645:49:645:62:645:62:645:Infinity":52,"b:647:49:647:Infinity:648:52:651:Infinity":53,"b:650:68:650:92:650:92:650:Infinity":54,"b:659:29:659:Infinity:660:32:680:Infinity":55,"f:661:81:661:82":42,"s:662:40:670:Infinity":125,"f:664:61:664:67":43,"s:665:64:665:Infinity":126,"s:666:48:666:Infinity":127,"f:666:101:666:106":44,"s:666:106:666:115":128,"b:676:47:676:84:676:84:676:Infinity":56,"f:677:50:677:55":45,"s:677:55:677:Infinity":129,"f:677:68:677:69":46,"s:677:84:677:138":130,"f:678:51:678:56":47,"s:678:56:678:Infinity":131,"b:683:29:683:Infinity:684:32:694:Infinity":57,"f:690:50:690:51":48,"s:690:57:690:Infinity":132,"b:693:37:693:66:693:66:693:Infinity":58,"b:697:29:697:Infinity:698:32:714:Infinity":59,"f:704:50:704:51":49,"s:704:57:704:Infinity":133,"f:712:50:712:51":50,"s:712:57:712:Infinity":134,"b:717:29:717:Infinity:718:32:721:Infinity":60,"f:720:46:720:47":51,"s:720:55:720:Infinity":135,"s:731:41:1336:Infinity":136,"f:731:41:731:47":52,"s:733:31:743:Infinity":137,"f:733:31:733:32":53,"b:733:40:733:62":61,"s:734:55:734:Infinity":138,"s:735:8:735:Infinity":139,"f:735:30:735:35":54,"s:735:35:735:75":140,"s:736:8:742:Infinity":141,"s:745:28:745:Infinity":142,"s:746:34:746:Infinity":143,"s:747:44:747:Infinity":144,"s:748:44:748:Infinity":145,"s:749:54:749:Infinity":146,"s:752:42:752:Infinity":147,"s:753:46:753:Infinity":148,"s:754:50:754:Infinity":149,"s:755:42:755:Infinity":150,"s:759:27:764:Infinity":151,"f:759:27:759:28":55,"s:760:8:760:Infinity":152,"s:761:8:763:Infinity":153,"f:761:26:761:Infinity":56,"s:762:12:762:Infinity":154,"b:762:37:762:73:762:73:762:Infinity":62,"f:762:49:762:55":57,"s:762:55:762:69":155,"s:766:27:770:Infinity":156,"f:766:27:766:28":58,"s:767:8:769:Infinity":157,"f:767:31:767:Infinity":59,"s:768:12:768:Infinity":158,"b:768:35:768:69:768:69:768:Infinity":63,"f:768:47:768:53":60,"s:768:53:768:65":159,"s:773:29:796:Infinity":160,"f:773:29:773:35":61,"s:774:8:774:Infinity":161,"s:775:8:775:Infinity":162,"s:776:8:776:Infinity":163,"s:778:22:784:Infinity":164,"s:786:8:795:Infinity":165,"f:786:22:786:23":62,"s:787:12:794:Infinity":166,"f:787:23:787:29":63,"s:788:16:788:Infinity":167,"b:789:16:793:Infinity:undefined:undefined:undefined:undefined":64,"s:789:16:793:Infinity":168,"s:791:32:791:Infinity":169,"s:792:20:792:Infinity":170,"s:798:29:805:Infinity":171,"f:798:29:798:35":64,"b:799:8:801:Infinity:undefined:undefined:undefined:undefined":65,"s:799:8:801:Infinity":172,"s:800:12:800:Infinity":173,"s:802:8:802:Infinity":174,"s:803:8:803:Infinity":175,"s:804:8:804:Infinity":176,"s:807:28:826:Infinity":177,"f:807:28:807:29":65,"s:808:8:825:Infinity":178,"f:808:18:808:26":66,"s:809:30:809:Infinity":179,"s:810:30:810:Infinity":180,"b:811:12:814:Infinity:undefined:undefined:undefined:undefined":66,"s:811:12:814:Infinity":181,"s:812:28:812:Infinity":182,"f:812:48:812:53":67,"s:812:53:812:75":183,"b:813:16:813:Infinity:undefined:undefined:undefined:undefined":67,"s:813:16:813:Infinity":184,"s:813:32:813:Infinity":185,"s:816:26:816:Infinity":186,"b:818:12:823:Infinity:undefined:undefined:undefined:undefined":68,"s:818:12:823:Infinity":187,"s:819:16:822:Infinity":188,"s:824:12:824:Infinity":189,"s:828:33:839:Infinity":190,"f:828:33:828:34":68,"s:829:8:838:Infinity":191,"f:829:18:829:26":69,"s:830:30:830:Infinity":192,"s:831:26:831:Infinity":193,"s:832:12:836:Infinity":194,"f:834:56:834:62":70,"s:834:62:834:76":195,"f:835:62:835:68":71,"s:835:68:835:82":196,"s:837:12:837:Infinity":197,"s:842:27:856:Infinity":198,"f:842:27:842:28":72,"s:843:8:855:Infinity":199,"f:843:18:843:26":73,"s:844:30:844:Infinity":200,"s:845:26:845:Infinity":201,"s:846:32:846:Infinity":202,"s:848:12:853:Infinity":203,"b:851:22:851:Infinity:852:22:852:Infinity":69,"f:851:51:851:57":74,"s:851:57:851:71":204,"s:854:12:854:Infinity":205,"s:859:30:869:Infinity":206,"f:859:30:859:31":75,"s:860:8:868:Infinity":207,"f:860:18:860:26":76,"s:861:30:861:Infinity":208,"s:862:26:862:Infinity":209,"s:863:12:866:Infinity":210,"b:865:50:865:76:865:76:865:Infinity":70,"s:867:12:867:Infinity":211,"s:872:26:881:Infinity":212,"f:872:26:872:27":77,"s:873:8:880:Infinity":213,"f:873:18:873:26":78,"s:874:30:874:Infinity":214,"s:875:12:878:Infinity":215,"s:879:12:879:Infinity":216,"s:883:33:895:Infinity":217,"f:883:33:883:34":79,"s:884:8:894:Infinity":218,"f:884:18:884:26":80,"s:885:30:885:Infinity":219,"s:886:12:892:Infinity":220,"s:893:12:893:Infinity":221,"s:897:28:903:Infinity":222,"f:897:28:897:29":81,"s:898:8:902:Infinity":223,"f:898:18:898:26":82,"s:899:30:899:Infinity":224,"s:900:12:900:Infinity":225,"s:901:12:901:Infinity":226,"s:905:29:912:Infinity":227,"f:905:29:905:30":83,"b:906:8:911:Infinity:undefined:undefined:undefined:undefined":71,"s:906:8:911:Infinity":228,"b:906:12:906:33:906:33:906:63":72,"s:907:12:907:Infinity":229,"s:908:24:908:Infinity":230,"s:909:12:909:Infinity":231,"s:910:12:910:Infinity":232,"f:910:25:910:34":84,"s:910:34:910:80":233,"s:914:30:928:Infinity":234,"f:914:30:914:31":85,"s:915:8:927:Infinity":235,"f:915:18:915:26":86,"s:916:28:916:Infinity":236,"b:916:28:916:68:916:68:916:Infinity":73,"s:917:27:917:Infinity":237,"s:918:30:918:Infinity":238,"s:919:12:925:Infinity":239,"s:926:12:926:Infinity":240,"s:930:21:930:Infinity":241,"f:930:21:930:27":87,"s:930:27:930:Infinity":242,"f:930:37:930:45":88,"s:930:45:930:87":243,"s:931:24:931:Infinity":244,"f:931:24:931:25":89,"s:931:43:931:Infinity":245,"f:931:53:931:61":90,"s:931:61:931:95":246,"f:931:73:931:74":91,"s:931:83:931:94":247,"s:933:25:943:Infinity":248,"f:933:25:933:31":92,"s:934:24:940:Infinity":249,"f:934:35:934:40":93,"s:935:58:935:Infinity":250,"s:936:12:938:Infinity":251,"f:936:35:936:42":94,"s:937:16:937:Infinity":252,"s:939:12:939:Infinity":253,"s:941:8:941:Infinity":254,"s:942:8:942:Infinity":255,"s:945:23:951:Infinity":256,"s:953:66:957:Infinity":257,"s:962:37:1049:Infinity":258,"f:962:37:962:Infinity":95,"s:963:8:1049:Infinity":259,"b:964:13:964:Infinity:965:16:1047:Infinity":74,"b:980:28:1018:Infinity:1020:28:1044:Infinity":75,"b:1005:45:1005:76:1005:76:1005:Infinity":76,"f:1040:53:1040:59":96,"s:1040:61:1040:78":260,"s:1040:78:1040:98":261,"s:1052:4:1334:Infinity":262,"b:1069:21:1069:Infinity:1070:24:1091:Infinity":77,"f:1076:52:1076:59":97,"s:1077:50:1077:Infinity":263,"f:1077:69:1077:74":98,"s:1077:74:1077:86":264,"b:1078:36:1078:Infinity:undefined:undefined:undefined:undefined":78,"s:1078:36:1078:Infinity":265,"s:1078:48:1078:Infinity":266,"s:1079:36:1087:Infinity":267,"f:1084:51:1084:52":99,"s:1084:61:1084:Infinity":268,"f:1095:43:1095:50":100,"s:1096:39:1096:Infinity":269,"f:1096:60:1096:65":101,"s:1096:65:1096:86":270,"b:1097:24:1097:Infinity:undefined:undefined:undefined:undefined":79,"s:1097:24:1097:Infinity":271,"s:1097:49:1097:Infinity":272,"s:1098:44:1098:Infinity":273,"s:1100:24:1135:Infinity":274,"f:1104:45:1104:51":102,"s:1104:51:1104:Infinity":275,"b:1112:55:1112:84:1112:84:1112:Infinity":80,"b:1116:33:1116:Infinity:1117:36:1133:Infinity":81,"f:1123:52:1123:Infinity":103,"s:1124:44:1131:Infinity":276,"f:1128:55:1128:56":104,"s:1128:65:1128:Infinity":277,"b:1158:25:1158:Infinity:1159:28:1162:Infinity":82,"f:1191:36:1191:37":105,"s:1192:46:1192:Infinity":278,"s:1194:28:1317:Infinity":279,"b:1196:37:1196:Infinity:1197:40:1201:Infinity":83,"b:1209:63:1209:70:1209:70:1209:Infinity":84,"b:1210:69:1210:97:1210:97:1210:Infinity":85,"b:1211:73:1211:102:1211:102:1211:Infinity":86,"b:1212:67:1212:105:1212:105:1212:Infinity":87,"b:1219:44:1219:58:1219:58:1219:Infinity":88,"f:1229:62:1229:63":106,"s:1229:69:1229:Infinity":280,"b:1236:45:1236:Infinity:1237:48:1252:Infinity":89,"f:1239:65:1239:71":107,"s:1239:71:1239:Infinity":281,"f:1246:65:1246:71":108,"s:1246:71:1246:Infinity":282,"b:1255:45:1255:Infinity:1256:48:1263:Infinity":90,"f:1258:61:1258:67":109,"s:1258:67:1258:Infinity":283,"f:1271:55:1271:56":110,"s:1271:69:1271:Infinity":284,"f:1275:72:1275:73":111,"s:1276:52:1289:Infinity":285,"b:1295:41:1295:Infinity:1296:44:1303:Infinity":91,"b:1307:41:1307:76:1307:76:1307:Infinity:1308:44:1313:Infinity":92}}}
}
